<?xml version="1.0" encoding="UTF-8"?>
<coverage generated="1788285959918" clover="3.2.0">
  <project timestamp="1788285959918" name="All files">
    <metrics statements="117" coveredstatements="117" conditionals="48" coveredconditionals="39" methods="53" coveredmethods="52" elements="218" coveredelements="208" complexity="0" loc="117" ncloc="117" packages="2" files="11" classes="11"/>
    <package name="Super-Tetris">
      <metrics statements="76" coveredstatements="76" conditionals="48" coveredconditionals="39" methods="34" coveredmethods="33"/>
      <file name="Board.ts" path="/Users/fabriziograciosi/Facultad/2año 2do cuatrimestre /PARADIGMAS II /Mes 1/Super-Tetris/Board.ts">
        <metrics statements="38" coveredstatements="38" conditionals="31" coveredconditionals="28" methods="18" coveredmethods="18"/>
        <line num="5" count="15" type="stmt"/>
        <line num="6" count="15" type="stmt"/>
        <line num="7" count="15" type="stmt"/>
        <line num="10" count="300" type="stmt"/>
        <line num="14" count="7" type="stmt"/>
        <line num="18" count="11" type="stmt"/>
        <line num="19" count="11" type="stmt"/>
        <line num="20" count="11" type="stmt"/>
        <line num="22" count="11" type="cond" truecount="2" falsecount="0"/>
        <line num="24" count="11" type="stmt"/>
        <line num="28" count="47" type="stmt"/>
        <line num="29" count="47" type="cond" truecount="4" falsecount="0"/>
        <line num="35" count="10" type="stmt"/>
        <line num="36" count="10" type="cond" truecount="4" falsecount="0"/>
        <line num="42" count="20" type="stmt"/>
        <line num="43" count="20" type="cond" truecount="4" falsecount="0"/>
        <line num="49" count="1" type="cond" truecount="1" falsecount="1"/>
        <line num="50" count="1" type="stmt"/>
        <line num="52" count="1" type="stmt"/>
        <line num="53" count="4" type="stmt"/>
        <line num="54" count="16" type="cond" truecount="2" falsecount="0"/>
        <line num="58" count="1" type="stmt"/>
        <line num="62" count="4" type="stmt"/>
        <line num="64" count="4" type="stmt"/>
        <line num="65" count="150" type="stmt"/>
        <line num="66" count="87" type="cond" truecount="2" falsecount="0"/>
        <line num="71" count="87" type="stmt"/>
        <line num="72" count="87" type="cond" truecount="2" falsecount="2"/>
        <line num="74" count="4" type="stmt"/>
        <line num="78" count="88" type="stmt"/>
        <line num="79" count="268" type="stmt"/>
        <line num="80" count="979" type="stmt"/>
        <line num="81" count="979" type="stmt"/>
        <line num="82" count="979" type="cond" truecount="4" falsecount="0"/>
        <line num="83" count="979" type="cond" truecount="3" falsecount="0"/>
        <line num="89" count="9" type="stmt"/>
        <line num="93" count="7" type="stmt"/>
        <line num="97" count="1" type="stmt"/>
      </file>
      <file name="Clock.ts" path="/Users/fabriziograciosi/Facultad/2año 2do cuatrimestre /PARADIGMAS II /Mes 1/Super-Tetris/Clock.ts">
        <metrics statements="11" coveredstatements="11" conditionals="6" coveredconditionals="3" methods="6" coveredmethods="6"/>
        <line num="5" count="9" type="stmt"/>
        <line num="8" count="9" type="stmt"/>
        <line num="9" count="9" type="stmt"/>
        <line num="10" count="9" type="stmt"/>
        <line num="14" count="10" type="cond" truecount="1" falsecount="1"/>
        <line num="17" count="6" type="stmt"/>
        <line num="18" count="6" type="stmt"/>
        <line num="23" count="3" type="cond" truecount="1" falsecount="1"/>
        <line num="29" count="1" type="stmt"/>
        <line num="30" count="1" type="cond" truecount="1" falsecount="1"/>
        <line num="34" count="2" type="stmt"/>
      </file>
      <file name="Tetris.ts" path="/Users/fabriziograciosi/Facultad/2año 2do cuatrimestre /PARADIGMAS II /Mes 1/Super-Tetris/Tetris.ts">
        <metrics statements="27" coveredstatements="27" conditionals="11" coveredconditionals="8" methods="10" coveredmethods="9"/>
        <line num="14" count="5" type="stmt"/>
        <line num="16" count="5" type="stmt"/>
        <line num="20" count="5" type="stmt"/>
        <line num="21" count="5" type="stmt"/>
        <line num="22" count="5" type="stmt"/>
        <line num="26" count="5" type="stmt"/>
        <line num="30" count="5" type="stmt"/>
        <line num="31" count="5" type="stmt"/>
        <line num="32" count="5" type="stmt"/>
        <line num="33" count="6" type="stmt"/>
        <line num="35" count="5" type="stmt"/>
        <line num="39" count="5" type="stmt"/>
        <line num="40" count="5" type="stmt"/>
        <line num="41" count="5" type="stmt"/>
        <line num="42" count="5" type="stmt"/>
        <line num="43" count="5" type="stmt"/>
        <line num="47" count="1" type="cond" truecount="1" falsecount="1"/>
        <line num="51" count="2" type="stmt"/>
        <line num="52" count="2" type="cond" truecount="2" falsecount="0"/>
        <line num="56" count="2" type="stmt"/>
        <line num="57" count="2" type="cond" truecount="2" falsecount="0"/>
        <line num="61" count="2" type="stmt"/>
        <line num="65" count="5" type="stmt"/>
        <line num="69" count="1" type="stmt"/>
        <line num="70" count="1" type="stmt"/>
        <line num="71" count="1" type="cond" truecount="1" falsecount="1"/>
        <line num="72" count="1" type="cond" truecount="1" falsecount="1"/>
      </file>
    </package>
    <package name="Super-Tetris.pieces">
      <metrics statements="41" coveredstatements="41" conditionals="0" coveredconditionals="0" methods="19" coveredmethods="19"/>
      <file name="PieceBase.ts" path="/Users/fabriziograciosi/Facultad/2año 2do cuatrimestre /PARADIGMAS II /Mes 1/Super-Tetris/pieces/PieceBase.ts">
        <metrics statements="13" coveredstatements="13" conditionals="0" coveredconditionals="0" methods="12" coveredmethods="12"/>
        <line num="4" count="62" type="stmt"/>
        <line num="5" count="62" type="stmt"/>
        <line num="6" count="62" type="stmt"/>
        <line num="7" count="62" type="stmt"/>
        <line num="12" count="62" type="stmt"/>
        <line num="16" count="62" type="stmt"/>
        <line num="20" count="504" type="stmt"/>
        <line num="21" count="62" type="stmt"/>
        <line num="25" count="7" type="stmt"/>
        <line num="29" count="7" type="stmt"/>
        <line num="33" count="422" type="stmt"/>
        <line num="37" count="14" type="stmt"/>
        <line num="41" count="8" type="stmt"/>
      </file>
      <file name="PieceDogLeft.ts" path="/Users/fabriziograciosi/Facultad/2año 2do cuatrimestre /PARADIGMAS II /Mes 1/Super-Tetris/pieces/PieceDogLeft.ts">
        <metrics statements="4" coveredstatements="4" conditionals="0" coveredconditionals="0" methods="1" coveredmethods="1"/>
        <line num="5" count="8" type="stmt"/>
        <line num="6" count="8" type="stmt"/>
        <line num="7" count="8" type="stmt"/>
        <line num="8" count="8" type="stmt"/>
      </file>
      <file name="PieceDogRight.ts" path="/Users/fabriziograciosi/Facultad/2año 2do cuatrimestre /PARADIGMAS II /Mes 1/Super-Tetris/pieces/PieceDogRight.ts">
        <metrics statements="4" coveredstatements="4" conditionals="0" coveredconditionals="0" methods="1" coveredmethods="1"/>
        <line num="5" count="8" type="stmt"/>
        <line num="6" count="8" type="stmt"/>
        <line num="7" count="8" type="stmt"/>
        <line num="8" count="8" type="stmt"/>
      </file>
      <file name="PieceLLeft.ts" path="/Users/fabriziograciosi/Facultad/2año 2do cuatrimestre /PARADIGMAS II /Mes 1/Super-Tetris/pieces/PieceLLeft.ts">
        <metrics statements="4" coveredstatements="4" conditionals="0" coveredconditionals="0" methods="1" coveredmethods="1"/>
        <line num="5" count="8" type="stmt"/>
        <line num="6" count="8" type="stmt"/>
        <line num="7" count="8" type="stmt"/>
        <line num="8" count="8" type="stmt"/>
      </file>
      <file name="PieceLRight.ts" path="/Users/fabriziograciosi/Facultad/2año 2do cuatrimestre /PARADIGMAS II /Mes 1/Super-Tetris/pieces/PieceLRight.ts">
        <metrics statements="4" coveredstatements="4" conditionals="0" coveredconditionals="0" methods="1" coveredmethods="1"/>
        <line num="5" count="8" type="stmt"/>
        <line num="6" count="8" type="stmt"/>
        <line num="7" count="8" type="stmt"/>
        <line num="8" count="8" type="stmt"/>
      </file>
      <file name="PieceSquare.ts" path="/Users/fabriziograciosi/Facultad/2año 2do cuatrimestre /PARADIGMAS II /Mes 1/Super-Tetris/pieces/PieceSquare.ts">
        <metrics statements="4" coveredstatements="4" conditionals="0" coveredconditionals="0" methods="1" coveredmethods="1"/>
        <line num="5" count="14" type="stmt"/>
        <line num="6" count="14" type="stmt"/>
        <line num="7" count="14" type="stmt"/>
        <line num="8" count="14" type="stmt"/>
      </file>
      <file name="PieceStick.ts" path="/Users/fabriziograciosi/Facultad/2año 2do cuatrimestre /PARADIGMAS II /Mes 1/Super-Tetris/pieces/PieceStick.ts">
        <metrics statements="4" coveredstatements="4" conditionals="0" coveredconditionals="0" methods="1" coveredmethods="1"/>
        <line num="5" count="8" type="stmt"/>
        <line num="6" count="8" type="stmt"/>
        <line num="7" count="8" type="stmt"/>
        <line num="8" count="8" type="stmt"/>
      </file>
      <file name="PieceT.ts" path="/Users/fabriziograciosi/Facultad/2año 2do cuatrimestre /PARADIGMAS II /Mes 1/Super-Tetris/pieces/PieceT.ts">
        <metrics statements="4" coveredstatements="4" conditionals="0" coveredconditionals="0" methods="1" coveredmethods="1"/>
        <line num="5" count="8" type="stmt"/>
        <line num="6" count="8" type="stmt"/>
        <line num="7" count="8" type="stmt"/>
        <line num="8" count="8" type="stmt"/>
      </file>
    </package>
  </project>
</coverage>
