<?xml version="1.0" encoding="UTF-8"?>
<coverage generated="1788291494725" clover="3.2.0">
  <project timestamp="1788291494725" name="All files">
    <metrics statements="133" coveredstatements="125" conditionals="52" coveredconditionals="40" methods="65" coveredmethods="56" elements="250" coveredelements="221" complexity="0" loc="133" ncloc="133" packages="2" files="11" classes="11"/>
    <package name="Super-Tetris">
      <metrics statements="92" coveredstatements="84" conditionals="52" coveredconditionals="40" methods="46" coveredmethods="37"/>
      <file name="Board.ts" path="/Users/fabriziograciosi/Facultad/2año 2do cuatrimestre /PARADIGMAS II /Mes 1/Super-Tetris/Board.ts">
        <metrics statements="46" coveredstatements="45" conditionals="35" coveredconditionals="29" methods="22" coveredmethods="21"/>
        <line num="5" count="15" type="stmt"/>
        <line num="6" count="15" type="stmt"/>
        <line num="7" count="15" type="stmt"/>
        <line num="10" count="15" type="stmt"/>
        <line num="14" count="300" type="stmt"/>
        <line num="15" count="15" type="stmt"/>
        <line num="16" count="15" type="stmt"/>
        <line num="20" count="7" type="stmt"/>
        <line num="24" count="11" type="stmt"/>
        <line num="25" count="11" type="stmt"/>
        <line num="29" count="9" type="stmt"/>
        <line num="33" count="10" type="stmt"/>
        <line num="34" count="10" type="stmt"/>
        <line num="38" count="7" type="stmt"/>
        <line num="42" count="0" type="stmt"/>
        <line num="46" count="1" type="stmt"/>
        <line num="50" count="11" type="stmt"/>
        <line num="51" count="11" type="stmt"/>
        <line num="52" count="11" type="stmt"/>
        <line num="54" count="11" type="cond" truecount="2" falsecount="0"/>
        <line num="56" count="11" type="stmt"/>
        <line num="60" count="47" type="stmt"/>
        <line num="61" count="47" type="cond" truecount="4" falsecount="0"/>
        <line num="67" count="10" type="stmt"/>
        <line num="68" count="10" type="cond" truecount="4" falsecount="0"/>
        <line num="74" count="20" type="stmt"/>
        <line num="75" count="20" type="cond" truecount="4" falsecount="0"/>
        <line num="81" count="1" type="cond" truecount="1" falsecount="1"/>
        <line num="82" count="1" type="stmt"/>
        <line num="84" count="1" type="stmt"/>
        <line num="85" count="4" type="stmt"/>
        <line num="86" count="16" type="cond" truecount="2" falsecount="0"/>
        <line num="90" count="1" type="stmt"/>
        <line num="94" count="4" type="stmt"/>
        <line num="96" count="4" type="stmt"/>
        <line num="97" count="150" type="stmt"/>
        <line num="98" count="87" type="cond" truecount="2" falsecount="0"/>
        <line num="104" count="87" type="cond" truecount="2" falsecount="0"/>
        <line num="114" count="4" type="stmt"/>
        <line num="116" count="4" type="stmt"/>
        <line num="120" count="88" type="stmt"/>
        <line num="121" count="268" type="stmt"/>
        <line num="122" count="979" type="stmt"/>
        <line num="123" count="979" type="stmt"/>
        <line num="124" count="979" type="cond" truecount="4" falsecount="0"/>
        <line num="125" count="979" type="cond" truecount="3" falsecount="0"/>
      </file>
      <file name="Clock.ts" path="/Users/fabriziograciosi/Facultad/2año 2do cuatrimestre /PARADIGMAS II /Mes 1/Super-Tetris/Clock.ts">
        <metrics statements="19" coveredstatements="12" conditionals="6" coveredconditionals="3" methods="14" coveredmethods="7"/>
        <line num="5" count="9" type="stmt"/>
        <line num="8" count="9" type="stmt"/>
        <line num="9" count="9" type="stmt"/>
        <line num="10" count="9" type="stmt"/>
        <line num="14" count="10" type="cond" truecount="1" falsecount="1"/>
        <line num="17" count="6" type="stmt"/>
        <line num="18" count="6" type="stmt"/>
        <line num="23" count="3" type="cond" truecount="1" falsecount="1"/>
        <line num="29" count="1" type="stmt"/>
        <line num="30" count="1" type="cond" truecount="1" falsecount="1"/>
        <line num="34" count="1" type="stmt"/>
        <line num="38" count="0" type="stmt"/>
        <line num="42" count="2" type="stmt"/>
        <line num="46" count="0" type="stmt"/>
        <line num="50" count="0" type="stmt"/>
        <line num="54" count="0" type="stmt"/>
        <line num="58" count="0" type="stmt"/>
        <line num="62" count="0" type="stmt"/>
        <line num="66" count="0" type="stmt"/>
      </file>
      <file name="Tetris.ts" path="/Users/fabriziograciosi/Facultad/2año 2do cuatrimestre /PARADIGMAS II /Mes 1/Super-Tetris/Tetris.ts">
        <metrics statements="27" coveredstatements="27" conditionals="11" coveredconditionals="8" methods="10" coveredmethods="9"/>
        <line num="14" count="5" type="stmt"/>
        <line num="16" count="5" type="stmt"/>
        <line num="20" count="5" type="stmt"/>
        <line num="21" count="5" type="stmt"/>
        <line num="22" count="5" type="stmt"/>
        <line num="26" count="5" type="stmt"/>
        <line num="30" count="5" type="stmt"/>
        <line num="31" count="5" type="stmt"/>
        <line num="32" count="5" type="stmt"/>
        <line num="33" count="9" type="stmt"/>
        <line num="35" count="5" type="stmt"/>
        <line num="39" count="5" type="stmt"/>
        <line num="40" count="5" type="stmt"/>
        <line num="41" count="5" type="stmt"/>
        <line num="42" count="5" type="stmt"/>
        <line num="43" count="5" type="stmt"/>
        <line num="47" count="1" type="cond" truecount="1" falsecount="1"/>
        <line num="51" count="2" type="stmt"/>
        <line num="52" count="2" type="cond" truecount="2" falsecount="0"/>
        <line num="56" count="2" type="stmt"/>
        <line num="57" count="2" type="cond" truecount="2" falsecount="0"/>
        <line num="61" count="2" type="stmt"/>
        <line num="65" count="5" type="stmt"/>
        <line num="69" count="1" type="stmt"/>
        <line num="70" count="1" type="stmt"/>
        <line num="71" count="1" type="cond" truecount="1" falsecount="1"/>
        <line num="72" count="1" type="cond" truecount="1" falsecount="1"/>
      </file>
    </package>
    <package name="Super-Tetris.pieces">
      <metrics statements="41" coveredstatements="41" conditionals="0" coveredconditionals="0" methods="19" coveredmethods="19"/>
      <file name="PieceBase.ts" path="/Users/fabriziograciosi/Facultad/2año 2do cuatrimestre /PARADIGMAS II /Mes 1/Super-Tetris/pieces/PieceBase.ts">
        <metrics statements="13" coveredstatements="13" conditionals="0" coveredconditionals="0" methods="12" coveredmethods="12"/>
        <line num="4" count="62" type="stmt"/>
        <line num="5" count="62" type="stmt"/>
        <line num="6" count="62" type="stmt"/>
        <line num="7" count="62" type="stmt"/>
        <line num="12" count="62" type="stmt"/>
        <line num="16" count="62" type="stmt"/>
        <line num="20" count="504" type="stmt"/>
        <line num="21" count="62" type="stmt"/>
        <line num="25" count="7" type="stmt"/>
        <line num="29" count="7" type="stmt"/>
        <line num="33" count="422" type="stmt"/>
        <line num="37" count="17" type="stmt"/>
        <line num="41" count="8" type="stmt"/>
      </file>
      <file name="PieceDogLeft.ts" path="/Users/fabriziograciosi/Facultad/2año 2do cuatrimestre /PARADIGMAS II /Mes 1/Super-Tetris/pieces/PieceDogLeft.ts">
        <metrics statements="4" coveredstatements="4" conditionals="0" coveredconditionals="0" methods="1" coveredmethods="1"/>
        <line num="5" count="8" type="stmt"/>
        <line num="6" count="8" type="stmt"/>
        <line num="7" count="8" type="stmt"/>
        <line num="8" count="8" type="stmt"/>
      </file>
      <file name="PieceDogRight.ts" path="/Users/fabriziograciosi/Facultad/2año 2do cuatrimestre /PARADIGMAS II /Mes 1/Super-Tetris/pieces/PieceDogRight.ts">
        <metrics statements="4" coveredstatements="4" conditionals="0" coveredconditionals="0" methods="1" coveredmethods="1"/>
        <line num="5" count="8" type="stmt"/>
        <line num="6" count="8" type="stmt"/>
        <line num="7" count="8" type="stmt"/>
        <line num="8" count="8" type="stmt"/>
      </file>
      <file name="PieceLLeft.ts" path="/Users/fabriziograciosi/Facultad/2año 2do cuatrimestre /PARADIGMAS II /Mes 1/Super-Tetris/pieces/PieceLLeft.ts">
        <metrics statements="4" coveredstatements="4" conditionals="0" coveredconditionals="0" methods="1" coveredmethods="1"/>
        <line num="5" count="8" type="stmt"/>
        <line num="6" count="8" type="stmt"/>
        <line num="7" count="8" type="stmt"/>
        <line num="8" count="8" type="stmt"/>
      </file>
      <file name="PieceLRight.ts" path="/Users/fabriziograciosi/Facultad/2año 2do cuatrimestre /PARADIGMAS II /Mes 1/Super-Tetris/pieces/PieceLRight.ts">
        <metrics statements="4" coveredstatements="4" conditionals="0" coveredconditionals="0" methods="1" coveredmethods="1"/>
        <line num="5" count="8" type="stmt"/>
        <line num="6" count="8" type="stmt"/>
        <line num="7" count="8" type="stmt"/>
        <line num="8" count="8" type="stmt"/>
      </file>
      <file name="PieceSquare.ts" path="/Users/fabriziograciosi/Facultad/2año 2do cuatrimestre /PARADIGMAS II /Mes 1/Super-Tetris/pieces/PieceSquare.ts">
        <metrics statements="4" coveredstatements="4" conditionals="0" coveredconditionals="0" methods="1" coveredmethods="1"/>
        <line num="5" count="14" type="stmt"/>
        <line num="6" count="14" type="stmt"/>
        <line num="7" count="14" type="stmt"/>
        <line num="8" count="14" type="stmt"/>
      </file>
      <file name="PieceStick.ts" path="/Users/fabriziograciosi/Facultad/2año 2do cuatrimestre /PARADIGMAS II /Mes 1/Super-Tetris/pieces/PieceStick.ts">
        <metrics statements="4" coveredstatements="4" conditionals="0" coveredconditionals="0" methods="1" coveredmethods="1"/>
        <line num="5" count="8" type="stmt"/>
        <line num="6" count="8" type="stmt"/>
        <line num="7" count="8" type="stmt"/>
        <line num="8" count="8" type="stmt"/>
      </file>
      <file name="PieceT.ts" path="/Users/fabriziograciosi/Facultad/2año 2do cuatrimestre /PARADIGMAS II /Mes 1/Super-Tetris/pieces/PieceT.ts">
        <metrics statements="4" coveredstatements="4" conditionals="0" coveredconditionals="0" methods="1" coveredmethods="1"/>
        <line num="5" count="8" type="stmt"/>
        <line num="6" count="8" type="stmt"/>
        <line num="7" count="8" type="stmt"/>
        <line num="8" count="8" type="stmt"/>
      </file>
    </package>
  </project>
</coverage>
