{"/Users/fabriziograciosi/Facultad/2año 2do cuatrimestre /PARADIGMAS II /Mes 1/Super-Tetris/Board.ts": {"path":"/Users/fabriziograciosi/Facultad/2año 2do cuatrimestre /PARADIGMAS II /Mes 1/Super-Tetris/Board.ts","statementMap":{"0":{"start":{"line":5,"column":43},"end":{"line":5,"column":null}},"1":{"start":{"line":6,"column":54},"end":{"line":6,"column":null}},"2":{"start":{"line":7,"column":26},"end":{"line":7,"column":null}},"3":{"start":{"line":10,"column":4},"end":{"line":10,"column":null}},"4":{"start":{"line":14,"column":20},"end":{"line":14,"column":null}},"5":{"start":{"line":14,"column":53},"end":{"line":14,"column":70}},"6":{"start":{"line":15,"column":4},"end":{"line":15,"column":null}},"7":{"start":{"line":16,"column":4},"end":{"line":16,"column":null}},"8":{"start":{"line":20,"column":4},"end":{"line":20,"column":null}},"9":{"start":{"line":24,"column":4},"end":{"line":24,"column":null}},"10":{"start":{"line":25,"column":4},"end":{"line":25,"column":null}},"11":{"start":{"line":29,"column":4},"end":{"line":29,"column":null}},"12":{"start":{"line":33,"column":4},"end":{"line":33,"column":null}},"13":{"start":{"line":34,"column":4},"end":{"line":34,"column":null}},"14":{"start":{"line":38,"column":4},"end":{"line":38,"column":null}},"15":{"start":{"line":42,"column":4},"end":{"line":42,"column":null}},"16":{"start":{"line":46,"column":4},"end":{"line":46,"column":null}},"17":{"start":{"line":50,"column":19},"end":{"line":50,"column":null}},"18":{"start":{"line":51,"column":19},"end":{"line":51,"column":null}},"19":{"start":{"line":52,"column":22},"end":{"line":52,"column":null}},"20":{"start":{"line":54,"column":4},"end":{"line":54,"column":null}},"21":{"start":{"line":56,"column":4},"end":{"line":56,"column":null}},"22":{"start":{"line":60,"column":18},"end":{"line":60,"column":null}},"23":{"start":{"line":61,"column":4},"end":{"line":63,"column":null}},"24":{"start":{"line":67,"column":18},"end":{"line":67,"column":null}},"25":{"start":{"line":68,"column":4},"end":{"line":70,"column":null}},"26":{"start":{"line":74,"column":18},"end":{"line":74,"column":null}},"27":{"start":{"line":75,"column":4},"end":{"line":77,"column":null}},"28":{"start":{"line":81,"column":17},"end":{"line":81,"column":null}},"29":{"start":{"line":82,"column":21},"end":{"line":82,"column":null}},"30":{"start":{"line":84,"column":4},"end":{"line":88,"column":null}},"31":{"start":{"line":85,"column":8},"end":{"line":87,"column":null}},"32":{"start":{"line":86,"column":12},"end":{"line":86,"column":null}},"33":{"start":{"line":90,"column":4},"end":{"line":90,"column":null}},"34":{"start":{"line":94,"column":23},"end":{"line":94,"column":null}},"35":{"start":{"line":96,"column":4},"end":{"line":101,"column":null}},"36":{"start":{"line":96,"column":19},"end":{"line":96,"column":41}},"37":{"start":{"line":97,"column":30},"end":{"line":97,"column":null}},"38":{"start":{"line":97,"column":59},"end":{"line":97,"column":69}},"39":{"start":{"line":98,"column":8},"end":{"line":100,"column":null}},"40":{"start":{"line":104,"column":24},"end":{"line":112,"column":null}},"41":{"start":{"line":114,"column":4},"end":{"line":114,"column":null}},"42":{"start":{"line":116,"column":4},"end":{"line":116,"column":null}},"43":{"start":{"line":120,"column":4},"end":{"line":127,"column":null}},"44":{"start":{"line":121,"column":8},"end":{"line":126,"column":null}},"45":{"start":{"line":122,"column":27},"end":{"line":122,"column":null}},"46":{"start":{"line":123,"column":27},"end":{"line":123,"column":null}},"47":{"start":{"line":124,"column":32},"end":{"line":124,"column":null}},"48":{"start":{"line":125,"column":12},"end":{"line":125,"column":null}}},"fnMap":{"0":{"name":"constructor","decl":{"start":{"line":9,"column":2},"end":{"line":9,"column":16}},"loc":{"start":{"line":9,"column":16},"end":{"line":11,"column":null}},"line":9},"1":{"name":"setGrid","decl":{"start":{"line":13,"column":2},"end":{"line":13,"column":12}},"loc":{"start":{"line":13,"column":34},"end":{"line":17,"column":null}},"line":13},"2":{"name":"(anonymous_2)","decl":{"start":{"line":14,"column":44},"end":{"line":14,"column":53}},"loc":{"start":{"line":14,"column":53},"end":{"line":14,"column":70}},"line":14},"3":{"name":"getGrid","decl":{"start":{"line":19,"column":2},"end":{"line":19,"column":9}},"loc":{"start":{"line":19,"column":31},"end":{"line":21,"column":null}},"line":19},"4":{"name":"setCurrentPiece","decl":{"start":{"line":23,"column":2},"end":{"line":23,"column":12}},"loc":{"start":{"line":23,"column":71},"end":{"line":26,"column":null}},"line":23},"5":{"name":"getCurrentPiece","decl":{"start":{"line":28,"column":2},"end":{"line":28,"column":9}},"loc":{"start":{"line":28,"column":45},"end":{"line":30,"column":null}},"line":28},"6":{"name":"setCurrentPosition","decl":{"start":{"line":32,"column":2},"end":{"line":32,"column":12}},"loc":{"start":{"line":32,"column":79},"end":{"line":35,"column":null}},"line":32},"7":{"name":"getCurrentPosition","decl":{"start":{"line":37,"column":2},"end":{"line":37,"column":9}},"loc":{"start":{"line":37,"column":56},"end":{"line":39,"column":null}},"line":37},"8":{"name":"setScore","decl":{"start":{"line":41,"column":2},"end":{"line":41,"column":12}},"loc":{"start":{"line":41,"column":42},"end":{"line":43,"column":null}},"line":41},"9":{"name":"getScore","decl":{"start":{"line":45,"column":2},"end":{"line":45,"column":9}},"loc":{"start":{"line":45,"column":28},"end":{"line":47,"column":null}},"line":45},"10":{"name":"spawnPiece","decl":{"start":{"line":49,"column":2},"end":{"line":49,"column":9}},"loc":{"start":{"line":49,"column":47},"end":{"line":57,"column":null}},"line":49},"11":{"name":"moveDown","decl":{"start":{"line":59,"column":2},"end":{"line":59,"column":9}},"loc":{"start":{"line":59,"column":26},"end":{"line":64,"column":null}},"line":59},"12":{"name":"moveLeft","decl":{"start":{"line":66,"column":2},"end":{"line":66,"column":9}},"loc":{"start":{"line":66,"column":26},"end":{"line":71,"column":null}},"line":66},"13":{"name":"moveRight","decl":{"start":{"line":73,"column":2},"end":{"line":73,"column":9}},"loc":{"start":{"line":73,"column":27},"end":{"line":78,"column":null}},"line":73},"14":{"name":"lockPiece","decl":{"start":{"line":80,"column":2},"end":{"line":80,"column":9}},"loc":{"start":{"line":80,"column":27},"end":{"line":91,"column":null}},"line":80},"15":{"name":"(anonymous_15)","decl":{"start":{"line":84,"column":9},"end":{"line":84,"column":18}},"loc":{"start":{"line":84,"column":34},"end":{"line":88,"column":5}},"line":84},"16":{"name":"(anonymous_16)","decl":{"start":{"line":85,"column":15},"end":{"line":85,"column":24}},"loc":{"start":{"line":85,"column":38},"end":{"line":87,"column":9}},"line":85},"17":{"name":"clearLines","decl":{"start":{"line":93,"column":2},"end":{"line":93,"column":9}},"loc":{"start":{"line":93,"column":30},"end":{"line":117,"column":null}},"line":93},"18":{"name":"(anonymous_18)","decl":{"start":{"line":97,"column":45},"end":{"line":97,"column":51}},"loc":{"start":{"line":97,"column":59},"end":{"line":97,"column":69}},"line":97},"19":{"name":"isValidPosition","decl":{"start":{"line":119,"column":2},"end":{"line":119,"column":10}},"loc":{"start":{"line":119,"column":81},"end":{"line":128,"column":null}},"line":119},"20":{"name":"(anonymous_20)","decl":{"start":{"line":120,"column":28},"end":{"line":120,"column":34}},"loc":{"start":{"line":121,"column":8},"end":{"line":126,"column":null}},"line":121},"21":{"name":"(anonymous_21)","decl":{"start":{"line":121,"column":12},"end":{"line":121,"column":18}},"loc":{"start":{"line":121,"column":30},"end":{"line":126,"column":9}},"line":121}},"branchMap":{"0":{"loc":{"start":{"line":54,"column":4},"end":{"line":54,"column":null}},"type":"cond-expr","locations":[{"start":{"line":54,"column":18},"end":{"line":54,"column":90}},{"start":{"line":54,"column":90},"end":{"line":54,"column":null}}],"line":54},"1":{"loc":{"start":{"line":61,"column":4},"end":{"line":63,"column":null}},"type":"cond-expr","locations":[{"start":{"line":62,"column":11},"end":{"line":62,"column":null}},{"start":{"line":63,"column":10},"end":{"line":63,"column":null}}],"line":61},"2":{"loc":{"start":{"line":61,"column":4},"end":{"line":61,"column":null}},"type":"binary-expr","locations":[{"start":{"line":61,"column":4},"end":{"line":61,"column":25}},{"start":{"line":61,"column":25},"end":{"line":61,"column":null}}],"line":61},"3":{"loc":{"start":{"line":68,"column":4},"end":{"line":70,"column":null}},"type":"cond-expr","locations":[{"start":{"line":69,"column":11},"end":{"line":69,"column":null}},{"start":{"line":70,"column":10},"end":{"line":70,"column":null}}],"line":68},"4":{"loc":{"start":{"line":68,"column":4},"end":{"line":68,"column":null}},"type":"binary-expr","locations":[{"start":{"line":68,"column":4},"end":{"line":68,"column":25}},{"start":{"line":68,"column":25},"end":{"line":68,"column":null}}],"line":68},"5":{"loc":{"start":{"line":75,"column":4},"end":{"line":77,"column":null}},"type":"cond-expr","locations":[{"start":{"line":76,"column":11},"end":{"line":76,"column":null}},{"start":{"line":77,"column":10},"end":{"line":77,"column":null}}],"line":75},"6":{"loc":{"start":{"line":75,"column":4},"end":{"line":75,"column":null}},"type":"binary-expr","locations":[{"start":{"line":75,"column":4},"end":{"line":75,"column":25}},{"start":{"line":75,"column":25},"end":{"line":75,"column":null}}],"line":75},"7":{"loc":{"start":{"line":81,"column":17},"end":{"line":81,"column":null}},"type":"binary-expr","locations":[{"start":{"line":81,"column":17},"end":{"line":81,"column":49}},{"start":{"line":81,"column":49},"end":{"line":81,"column":null}}],"line":81},"8":{"loc":{"start":{"line":86,"column":12},"end":{"line":86,"column":null}},"type":"cond-expr","locations":[{"start":{"line":86,"column":26},"end":{"line":86,"column":64}},{"start":{"line":86,"column":64},"end":{"line":86,"column":null}}],"line":86},"9":{"loc":{"start":{"line":98,"column":8},"end":{"line":100,"column":null}},"type":"cond-expr","locations":[{"start":{"line":99,"column":15},"end":{"line":99,"column":null}},{"start":{"line":100,"column":14},"end":{"line":100,"column":null}}],"line":98},"10":{"loc":{"start":{"line":104,"column":24},"end":{"line":112,"column":null}},"type":"cond-expr","locations":[{"start":{"line":105,"column":10},"end":{"line":105,"column":null}},{"start":{"line":106,"column":10},"end":{"line":112,"column":null}}],"line":104},"11":{"loc":{"start":{"line":106,"column":10},"end":{"line":112,"column":null}},"type":"cond-expr","locations":[{"start":{"line":107,"column":10},"end":{"line":107,"column":null}},{"start":{"line":108,"column":10},"end":{"line":112,"column":null}}],"line":106},"12":{"loc":{"start":{"line":108,"column":10},"end":{"line":112,"column":null}},"type":"cond-expr","locations":[{"start":{"line":109,"column":10},"end":{"line":109,"column":null}},{"start":{"line":110,"column":10},"end":{"line":112,"column":null}}],"line":108},"13":{"loc":{"start":{"line":110,"column":10},"end":{"line":112,"column":null}},"type":"cond-expr","locations":[{"start":{"line":111,"column":10},"end":{"line":111,"column":null}},{"start":{"line":112,"column":10},"end":{"line":112,"column":null}}],"line":110},"14":{"loc":{"start":{"line":124,"column":32},"end":{"line":124,"column":null}},"type":"binary-expr","locations":[{"start":{"line":124,"column":32},"end":{"line":124,"column":46}},{"start":{"line":124,"column":46},"end":{"line":124,"column":62}},{"start":{"line":124,"column":62},"end":{"line":124,"column":76}},{"start":{"line":124,"column":76},"end":{"line":124,"column":null}}],"line":124},"15":{"loc":{"start":{"line":125,"column":19},"end":{"line":125,"column":null}},"type":"binary-expr","locations":[{"start":{"line":125,"column":19},"end":{"line":125,"column":34}},{"start":{"line":125,"column":34},"end":{"line":125,"column":49}},{"start":{"line":125,"column":49},"end":{"line":125,"column":null}}],"line":125}},"s":{"0":15,"1":15,"2":15,"3":15,"4":15,"5":300,"6":15,"7":15,"8":7,"9":11,"10":11,"11":9,"12":10,"13":10,"14":7,"15":0,"16":1,"17":11,"18":11,"19":11,"20":11,"21":11,"22":47,"23":47,"24":10,"25":10,"26":20,"27":20,"28":1,"29":1,"30":1,"31":4,"32":16,"33":1,"34":4,"35":4,"36":4,"37":87,"38":150,"39":87,"40":87,"41":4,"42":4,"43":88,"44":268,"45":979,"46":979,"47":979,"48":979},"f":{"0":15,"1":15,"2":300,"3":7,"4":11,"5":9,"6":10,"7":7,"8":0,"9":1,"10":11,"11":47,"12":10,"13":20,"14":1,"15":4,"16":16,"17":4,"18":150,"19":88,"20":268,"21":979},"b":{"0":[10,1],"1":[38,9],"2":[47,47],"3":[3,7],"4":[10,10],"5":[8,12],"6":[20,20],"7":[1,0],"8":[4,12],"9":[7,80],"10":[1,3],"11":[3,0],"12":[0,0],"13":[0,0],"14":[979,972,948,948],"15":[979,295,267]},"meta":{"lastBranch":16,"lastFunction":22,"lastStatement":49,"seen":{"s:5:43:5:Infinity":0,"s:6:54:6:Infinity":1,"s:7:26:7:Infinity":2,"f:9:2:9:16":0,"s:10:4:10:Infinity":3,"f:13:2:13:12":1,"s:14:20:14:Infinity":4,"f:14:44:14:53":2,"s:14:53:14:70":5,"s:15:4:15:Infinity":6,"s:16:4:16:Infinity":7,"f:19:2:19:9":3,"s:20:4:20:Infinity":8,"f:23:2:23:12":4,"s:24:4:24:Infinity":9,"s:25:4:25:Infinity":10,"f:28:2:28:9":5,"s:29:4:29:Infinity":11,"f:32:2:32:12":6,"s:33:4:33:Infinity":12,"s:34:4:34:Infinity":13,"f:37:2:37:9":7,"s:38:4:38:Infinity":14,"f:41:2:41:12":8,"s:42:4:42:Infinity":15,"f:45:2:45:9":9,"s:46:4:46:Infinity":16,"f:49:2:49:9":10,"s:50:19:50:Infinity":17,"s:51:19:51:Infinity":18,"s:52:22:52:Infinity":19,"s:54:4:54:Infinity":20,"b:54:18:54:90:54:90:54:Infinity":0,"s:56:4:56:Infinity":21,"f:59:2:59:9":11,"s:60:18:60:Infinity":22,"s:61:4:63:Infinity":23,"b:62:11:62:Infinity:63:10:63:Infinity":1,"b:61:4:61:25:61:25:61:Infinity":2,"f:66:2:66:9":12,"s:67:18:67:Infinity":24,"s:68:4:70:Infinity":25,"b:69:11:69:Infinity:70:10:70:Infinity":3,"b:68:4:68:25:68:25:68:Infinity":4,"f:73:2:73:9":13,"s:74:18:74:Infinity":26,"s:75:4:77:Infinity":27,"b:76:11:76:Infinity:77:10:77:Infinity":5,"b:75:4:75:25:75:25:75:Infinity":6,"f:80:2:80:9":14,"s:81:17:81:Infinity":28,"b:81:17:81:49:81:49:81:Infinity":7,"s:82:21:82:Infinity":29,"s:84:4:88:Infinity":30,"f:84:9:84:18":15,"s:85:8:87:Infinity":31,"f:85:15:85:24":16,"s:86:12:86:Infinity":32,"b:86:26:86:64:86:64:86:Infinity":8,"s:90:4:90:Infinity":33,"f:93:2:93:9":17,"s:94:23:94:Infinity":34,"s:96:4:101:Infinity":35,"s:96:19:96:41":36,"s:97:30:97:Infinity":37,"f:97:45:97:51":18,"s:97:59:97:69":38,"s:98:8:100:Infinity":39,"b:99:15:99:Infinity:100:14:100:Infinity":9,"s:104:24:112:Infinity":40,"b:105:10:105:Infinity:106:10:112:Infinity":10,"b:107:10:107:Infinity:108:10:112:Infinity":11,"b:109:10:109:Infinity:110:10:112:Infinity":12,"b:111:10:111:Infinity:112:10:112:Infinity":13,"s:114:4:114:Infinity":41,"s:116:4:116:Infinity":42,"f:119:2:119:10":19,"s:120:4:127:Infinity":43,"f:120:28:120:34":20,"s:121:8:126:Infinity":44,"f:121:12:121:18":21,"s:122:27:122:Infinity":45,"s:123:27:123:Infinity":46,"s:124:32:124:Infinity":47,"b:124:32:124:46:124:46:124:62:124:62:124:76:124:76:124:Infinity":14,"s:125:12:125:Infinity":48,"b:125:19:125:34:125:34:125:49:125:49:125:Infinity":15},"fnNames":{}}}
,"/Users/fabriziograciosi/Facultad/2año 2do cuatrimestre /PARADIGMAS II /Mes 1/Super-Tetris/Clock.ts": {"path":"/Users/fabriziograciosi/Facultad/2año 2do cuatrimestre /PARADIGMAS II /Mes 1/Super-Tetris/Clock.ts","statementMap":{"0":{"start":{"line":5,"column":32},"end":{"line":5,"column":null}},"1":{"start":{"line":8,"column":4},"end":{"line":8,"column":null}},"2":{"start":{"line":9,"column":4},"end":{"line":9,"column":null}},"3":{"start":{"line":10,"column":4},"end":{"line":10,"column":null}},"4":{"start":{"line":14,"column":4},"end":{"line":19,"column":null}},"5":{"start":{"line":17,"column":12},"end":{"line":17,"column":null}},"6":{"start":{"line":18,"column":12},"end":{"line":18,"column":null}},"7":{"start":{"line":23,"column":4},"end":{"line":25,"column":null}},"8":{"start":{"line":29,"column":4},"end":{"line":29,"column":null}},"9":{"start":{"line":30,"column":4},"end":{"line":30,"column":null}},"10":{"start":{"line":34,"column":4},"end":{"line":34,"column":null}},"11":{"start":{"line":38,"column":4},"end":{"line":38,"column":null}},"12":{"start":{"line":42,"column":4},"end":{"line":42,"column":null}},"13":{"start":{"line":46,"column":4},"end":{"line":46,"column":null}},"14":{"start":{"line":50,"column":4},"end":{"line":50,"column":null}},"15":{"start":{"line":54,"column":4},"end":{"line":54,"column":null}},"16":{"start":{"line":58,"column":4},"end":{"line":58,"column":null}},"17":{"start":{"line":62,"column":4},"end":{"line":62,"column":null}},"18":{"start":{"line":66,"column":4},"end":{"line":66,"column":null}}},"fnMap":{"0":{"name":"constructor","decl":{"start":{"line":7,"column":2},"end":{"line":7,"column":14}},"loc":{"start":{"line":7,"column":52},"end":{"line":11,"column":null}},"line":7},"1":{"name":"start","decl":{"start":{"line":13,"column":2},"end":{"line":13,"column":9}},"loc":{"start":{"line":13,"column":23},"end":{"line":20,"column":null}},"line":13},"2":{"name":"(anonymous_2)","decl":{"start":{"line":16,"column":30},"end":{"line":16,"column":48}},"loc":{"start":{"line":16,"column":48},"end":{"line":19,"column":13}},"line":16},"3":{"name":"stop","decl":{"start":{"line":22,"column":2},"end":{"line":22,"column":9}},"loc":{"start":{"line":22,"column":22},"end":{"line":26,"column":null}},"line":22},"4":{"name":"setSpeed","decl":{"start":{"line":28,"column":2},"end":{"line":28,"column":9}},"loc":{"start":{"line":28,"column":45},"end":{"line":31,"column":null}},"line":28},"5":{"name":"setTickRate","decl":{"start":{"line":33,"column":2},"end":{"line":33,"column":12}},"loc":{"start":{"line":33,"column":51},"end":{"line":35,"column":null}},"line":33},"6":{"name":"getTickRate","decl":{"start":{"line":37,"column":2},"end":{"line":37,"column":9}},"loc":{"start":{"line":37,"column":31},"end":{"line":39,"column":null}},"line":37},"7":{"name":"getTicks","decl":{"start":{"line":41,"column":2},"end":{"line":41,"column":9}},"loc":{"start":{"line":41,"column":28},"end":{"line":43,"column":null}},"line":41},"8":{"name":"setOnTick","decl":{"start":{"line":45,"column":2},"end":{"line":45,"column":12}},"loc":{"start":{"line":45,"column":51},"end":{"line":47,"column":null}},"line":45},"9":{"name":"getOnTick","decl":{"start":{"line":49,"column":2},"end":{"line":49,"column":9}},"loc":{"start":{"line":49,"column":33},"end":{"line":51,"column":null}},"line":49},"10":{"name":"setIntervalId","decl":{"start":{"line":53,"column":2},"end":{"line":53,"column":12}},"loc":{"start":{"line":53,"column":86},"end":{"line":55,"column":null}},"line":53},"11":{"name":"getIntervalId","decl":{"start":{"line":57,"column":2},"end":{"line":57,"column":9}},"loc":{"start":{"line":57,"column":64},"end":{"line":59,"column":null}},"line":57},"12":{"name":"setTicksCount","decl":{"start":{"line":61,"column":2},"end":{"line":61,"column":12}},"loc":{"start":{"line":61,"column":55},"end":{"line":63,"column":null}},"line":61},"13":{"name":"getTicksCount","decl":{"start":{"line":65,"column":2},"end":{"line":65,"column":9}},"loc":{"start":{"line":65,"column":33},"end":{"line":67,"column":null}},"line":65}},"branchMap":{"0":{"loc":{"start":{"line":14,"column":4},"end":{"line":19,"column":null}},"type":"cond-expr","locations":[{"start":{"line":15,"column":10},"end":{"line":15,"column":null}},{"start":{"line":16,"column":11},"end":{"line":19,"column":null}}],"line":14},"1":{"loc":{"start":{"line":23,"column":4},"end":{"line":25,"column":null}},"type":"cond-expr","locations":[{"start":{"line":24,"column":11},"end":{"line":24,"column":null}},{"start":{"line":25,"column":10},"end":{"line":25,"column":null}}],"line":23},"2":{"loc":{"start":{"line":30,"column":4},"end":{"line":30,"column":null}},"type":"cond-expr","locations":[{"start":{"line":30,"column":33},"end":{"line":30,"column":62}},{"start":{"line":30,"column":62},"end":{"line":30,"column":null}}],"line":30}},"s":{"0":9,"1":9,"2":9,"3":9,"4":10,"5":6,"6":6,"7":3,"8":1,"9":1,"10":1,"11":0,"12":2,"13":0,"14":0,"15":0,"16":0,"17":0,"18":0},"f":{"0":9,"1":10,"2":6,"3":3,"4":1,"5":1,"6":0,"7":2,"8":0,"9":0,"10":0,"11":0,"12":0,"13":0},"b":{"0":[0,10],"1":[3,0],"2":[1,0]},"meta":{"lastBranch":3,"lastFunction":14,"lastStatement":19,"seen":{"s:5:32:5:Infinity":0,"f:7:2:7:14":0,"s:8:4:8:Infinity":1,"s:9:4:9:Infinity":2,"s:10:4:10:Infinity":3,"f:13:2:13:9":1,"s:14:4:19:Infinity":4,"b:15:10:15:Infinity:16:11:19:Infinity":0,"f:16:30:16:48":2,"s:17:12:17:Infinity":5,"s:18:12:18:Infinity":6,"f:22:2:22:9":3,"s:23:4:25:Infinity":7,"b:24:11:24:Infinity:25:10:25:Infinity":1,"f:28:2:28:9":4,"s:29:4:29:Infinity":8,"s:30:4:30:Infinity":9,"b:30:33:30:62:30:62:30:Infinity":2,"f:33:2:33:12":5,"s:34:4:34:Infinity":10,"f:37:2:37:9":6,"s:38:4:38:Infinity":11,"f:41:2:41:9":7,"s:42:4:42:Infinity":12,"f:45:2:45:12":8,"s:46:4:46:Infinity":13,"f:49:2:49:9":9,"s:50:4:50:Infinity":14,"f:53:2:53:12":10,"s:54:4:54:Infinity":15,"f:57:2:57:9":11,"s:58:4:58:Infinity":16,"f:61:2:61:12":12,"s:62:4:62:Infinity":17,"f:65:2:65:9":13,"s:66:4:66:Infinity":18},"fnNames":{}}}
,"/Users/fabriziograciosi/Facultad/2año 2do cuatrimestre /PARADIGMAS II /Mes 1/Super-Tetris/Tetris.ts": {"path":"/Users/fabriziograciosi/Facultad/2año 2do cuatrimestre /PARADIGMAS II /Mes 1/Super-Tetris/Tetris.ts","statementMap":{"0":{"start":{"line":14,"column":31},"end":{"line":14,"column":null}},"1":{"start":{"line":16,"column":38},"end":{"line":16,"column":null}},"2":{"start":{"line":20,"column":4},"end":{"line":20,"column":null}},"3":{"start":{"line":21,"column":4},"end":{"line":21,"column":null}},"4":{"start":{"line":22,"column":4},"end":{"line":22,"column":null}},"5":{"start":{"line":22,"column":39},"end":{"line":22,"column":50}},"6":{"start":{"line":26,"column":19},"end":{"line":29,"column":null}},"7":{"start":{"line":30,"column":24},"end":{"line":30,"column":null}},"8":{"start":{"line":31,"column":28},"end":{"line":31,"column":null}},"9":{"start":{"line":32,"column":4},"end":{"line":34,"column":null}},"10":{"start":{"line":32,"column":17},"end":{"line":32,"column":20}},"11":{"start":{"line":33,"column":6},"end":{"line":33,"column":null}},"12":{"start":{"line":35,"column":4},"end":{"line":35,"column":null}},"13":{"start":{"line":39,"column":4},"end":{"line":39,"column":null}},"14":{"start":{"line":40,"column":4},"end":{"line":40,"column":null}},"15":{"start":{"line":41,"column":25},"end":{"line":41,"column":null}},"16":{"start":{"line":42,"column":4},"end":{"line":42,"column":null}},"17":{"start":{"line":43,"column":4},"end":{"line":43,"column":null}},"18":{"start":{"line":47,"column":4},"end":{"line":47,"column":null}},"19":{"start":{"line":51,"column":18},"end":{"line":51,"column":null}},"20":{"start":{"line":52,"column":4},"end":{"line":52,"column":null}},"21":{"start":{"line":56,"column":18},"end":{"line":56,"column":null}},"22":{"start":{"line":57,"column":4},"end":{"line":57,"column":null}},"23":{"start":{"line":61,"column":4},"end":{"line":61,"column":null}},"24":{"start":{"line":65,"column":4},"end":{"line":65,"column":null}},"25":{"start":{"line":69,"column":4},"end":{"line":69,"column":null}},"26":{"start":{"line":70,"column":20},"end":{"line":70,"column":null}},"27":{"start":{"line":71,"column":4},"end":{"line":71,"column":null}},"28":{"start":{"line":72,"column":4},"end":{"line":72,"column":null}}},"fnMap":{"0":{"name":"constructor","decl":{"start":{"line":19,"column":2},"end":{"line":19,"column":14}},"loc":{"start":{"line":19,"column":38},"end":{"line":23,"column":null}},"line":19},"1":{"name":"(anonymous_1)","decl":{"start":{"line":22,"column":27},"end":{"line":22,"column":39}},"loc":{"start":{"line":22,"column":39},"end":{"line":22,"column":50}},"line":22},"2":{"name":"getRandomPiece","decl":{"start":{"line":25,"column":2},"end":{"line":25,"column":10}},"loc":{"start":{"line":25,"column":38},"end":{"line":36,"column":null}},"line":25},"3":{"name":"start","decl":{"start":{"line":38,"column":2},"end":{"line":38,"column":9}},"loc":{"start":{"line":38,"column":23},"end":{"line":44,"column":null}},"line":38},"4":{"name":"tick","decl":{"start":{"line":46,"column":2},"end":{"line":46,"column":9}},"loc":{"start":{"line":46,"column":22},"end":{"line":48,"column":null}},"line":46},"5":{"name":"rotateLeft","decl":{"start":{"line":50,"column":2},"end":{"line":50,"column":9}},"loc":{"start":{"line":50,"column":28},"end":{"line":53,"column":null}},"line":50},"6":{"name":"rotateRight","decl":{"start":{"line":55,"column":2},"end":{"line":55,"column":9}},"loc":{"start":{"line":55,"column":29},"end":{"line":58,"column":null}},"line":55},"7":{"name":"state","decl":{"start":{"line":60,"column":2},"end":{"line":60,"column":9}},"loc":{"start":{"line":60,"column":26},"end":{"line":62,"column":null}},"line":60},"8":{"name":"getBoard","decl":{"start":{"line":64,"column":2},"end":{"line":64,"column":9}},"loc":{"start":{"line":64,"column":27},"end":{"line":66,"column":null}},"line":64},"9":{"name":"checkWinCondition","decl":{"start":{"line":68,"column":2},"end":{"line":68,"column":9}},"loc":{"start":{"line":68,"column":63},"end":{"line":73,"column":null}},"line":68}},"branchMap":{"0":{"loc":{"start":{"line":19,"column":14},"end":{"line":19,"column":38}},"type":"default-arg","locations":[{"start":{"line":19,"column":35},"end":{"line":19,"column":38}}],"line":19},"1":{"loc":{"start":{"line":47,"column":4},"end":{"line":47,"column":null}},"type":"cond-expr","locations":[{"start":{"line":47,"column":21},"end":{"line":47,"column":45}},{"start":{"line":47,"column":45},"end":{"line":47,"column":null}}],"line":47},"2":{"loc":{"start":{"line":52,"column":4},"end":{"line":52,"column":null}},"type":"cond-expr","locations":[{"start":{"line":52,"column":12},"end":{"line":52,"column":33}},{"start":{"line":52,"column":33},"end":{"line":52,"column":null}}],"line":52},"3":{"loc":{"start":{"line":57,"column":4},"end":{"line":57,"column":null}},"type":"cond-expr","locations":[{"start":{"line":57,"column":12},"end":{"line":57,"column":34}},{"start":{"line":57,"column":34},"end":{"line":57,"column":null}}],"line":57},"4":{"loc":{"start":{"line":71,"column":21},"end":{"line":71,"column":null}},"type":"cond-expr","locations":[{"start":{"line":71,"column":31},"end":{"line":71,"column":39}},{"start":{"line":71,"column":39},"end":{"line":71,"column":null}}],"line":71},"5":{"loc":{"start":{"line":72,"column":4},"end":{"line":72,"column":null}},"type":"cond-expr","locations":[{"start":{"line":72,"column":14},"end":{"line":72,"column":34}},{"start":{"line":72,"column":34},"end":{"line":72,"column":null}}],"line":72}},"s":{"0":5,"1":5,"2":5,"3":5,"4":5,"5":0,"6":5,"7":5,"8":5,"9":5,"10":5,"11":9,"12":5,"13":5,"14":5,"15":5,"16":5,"17":5,"18":1,"19":2,"20":2,"21":2,"22":2,"23":2,"24":5,"25":1,"26":1,"27":1,"28":1},"f":{"0":5,"1":0,"2":5,"3":5,"4":1,"5":2,"6":2,"7":2,"8":5,"9":1},"b":{"0":[5],"1":[1,0],"2":[1,1],"3":[1,1],"4":[1,0],"5":[1,0]},"meta":{"lastBranch":6,"lastFunction":10,"lastStatement":29,"seen":{"s:14:31:14:Infinity":0,"s:16:38:16:Infinity":1,"f:19:2:19:14":0,"b:19:35:19:38":0,"s:20:4:20:Infinity":2,"s:21:4:21:Infinity":3,"s:22:4:22:Infinity":4,"f:22:27:22:39":1,"s:22:39:22:50":5,"f:25:2:25:10":2,"s:26:19:29:Infinity":6,"s:30:24:30:Infinity":7,"s:31:28:31:Infinity":8,"s:32:4:34:Infinity":9,"s:32:17:32:20":10,"s:33:6:33:Infinity":11,"s:35:4:35:Infinity":12,"f:38:2:38:9":3,"s:39:4:39:Infinity":13,"s:40:4:40:Infinity":14,"s:41:25:41:Infinity":15,"s:42:4:42:Infinity":16,"s:43:4:43:Infinity":17,"f:46:2:46:9":4,"s:47:4:47:Infinity":18,"b:47:21:47:45:47:45:47:Infinity":1,"f:50:2:50:9":5,"s:51:18:51:Infinity":19,"s:52:4:52:Infinity":20,"b:52:12:52:33:52:33:52:Infinity":2,"f:55:2:55:9":6,"s:56:18:56:Infinity":21,"s:57:4:57:Infinity":22,"b:57:12:57:34:57:34:57:Infinity":3,"f:60:2:60:9":7,"s:61:4:61:Infinity":23,"f:64:2:64:9":8,"s:65:4:65:Infinity":24,"f:68:2:68:9":9,"s:69:4:69:Infinity":25,"s:70:20:70:Infinity":26,"s:71:4:71:Infinity":27,"b:71:31:71:39:71:39:71:Infinity":4,"s:72:4:72:Infinity":28,"b:72:14:72:34:72:34:72:Infinity":5},"fnNames":{}}}
,"/Users/fabriziograciosi/Facultad/2año 2do cuatrimestre /PARADIGMAS II /Mes 1/Super-Tetris/pieces/PieceBase.ts": {"path":"/Users/fabriziograciosi/Facultad/2año 2do cuatrimestre /PARADIGMAS II /Mes 1/Super-Tetris/pieces/PieceBase.ts","statementMap":{"0":{"start":{"line":4,"column":26},"end":{"line":4,"column":null}},"1":{"start":{"line":5,"column":27},"end":{"line":5,"column":null}},"2":{"start":{"line":6,"column":33},"end":{"line":6,"column":null}},"3":{"start":{"line":7,"column":27},"end":{"line":7,"column":null}},"4":{"start":{"line":12,"column":4},"end":{"line":12,"column":null}},"5":{"start":{"line":16,"column":4},"end":{"line":16,"column":null}},"6":{"start":{"line":20,"column":4},"end":{"line":20,"column":null}},"7":{"start":{"line":20,"column":38},"end":{"line":20,"column":65}},"8":{"start":{"line":20,"column":56},"end":{"line":20,"column":64}},"9":{"start":{"line":21,"column":4},"end":{"line":21,"column":null}},"10":{"start":{"line":25,"column":4},"end":{"line":25,"column":null}},"11":{"start":{"line":29,"column":4},"end":{"line":29,"column":null}},"12":{"start":{"line":33,"column":4},"end":{"line":33,"column":null}},"13":{"start":{"line":33,"column":49},"end":{"line":33,"column":57}},"14":{"start":{"line":37,"column":4},"end":{"line":37,"column":null}},"15":{"start":{"line":41,"column":4},"end":{"line":41,"column":null}}},"fnMap":{"0":{"name":"constructor","decl":{"start":{"line":9,"column":2},"end":{"line":9,"column":16}},"loc":{"start":{"line":9,"column":16},"end":{"line":9,"column":null}},"line":9},"1":{"name":"setName","decl":{"start":{"line":11,"column":2},"end":{"line":11,"column":12}},"loc":{"start":{"line":11,"column":35},"end":{"line":13,"column":null}},"line":11},"2":{"name":"setColor","decl":{"start":{"line":15,"column":2},"end":{"line":15,"column":12}},"loc":{"start":{"line":15,"column":36},"end":{"line":17,"column":null}},"line":15},"3":{"name":"setForm","decl":{"start":{"line":19,"column":2},"end":{"line":19,"column":12}},"loc":{"start":{"line":19,"column":41},"end":{"line":22,"column":null}},"line":19},"4":{"name":"(anonymous_4)","decl":{"start":{"line":20,"column":24},"end":{"line":20,"column":29}},"loc":{"start":{"line":20,"column":38},"end":{"line":20,"column":65}},"line":20},"5":{"name":"(anonymous_5)","decl":{"start":{"line":20,"column":43},"end":{"line":20,"column":48}},"loc":{"start":{"line":20,"column":56},"end":{"line":20,"column":64}},"line":20},"6":{"name":"getName","decl":{"start":{"line":24,"column":2},"end":{"line":24,"column":20}},"loc":{"start":{"line":24,"column":20},"end":{"line":26,"column":null}},"line":24},"7":{"name":"getColor","decl":{"start":{"line":28,"column":2},"end":{"line":28,"column":21}},"loc":{"start":{"line":28,"column":21},"end":{"line":30,"column":null}},"line":28},"8":{"name":"getForm","decl":{"start":{"line":32,"column":2},"end":{"line":32,"column":24}},"loc":{"start":{"line":32,"column":24},"end":{"line":34,"column":null}},"line":32},"9":{"name":"(anonymous_9)","decl":{"start":{"line":33,"column":36},"end":{"line":33,"column":41}},"loc":{"start":{"line":33,"column":49},"end":{"line":33,"column":57}},"line":33},"10":{"name":"rotateRight","decl":{"start":{"line":36,"column":2},"end":{"line":36,"column":22}},"loc":{"start":{"line":36,"column":22},"end":{"line":38,"column":null}},"line":36},"11":{"name":"rotateLeft","decl":{"start":{"line":40,"column":2},"end":{"line":40,"column":21}},"loc":{"start":{"line":40,"column":21},"end":{"line":42,"column":null}},"line":40}},"branchMap":{},"s":{"0":62,"1":62,"2":62,"3":62,"4":62,"5":62,"6":62,"7":158,"8":504,"9":62,"10":7,"11":7,"12":111,"13":422,"14":17,"15":8},"f":{"0":62,"1":62,"2":62,"3":62,"4":158,"5":504,"6":7,"7":7,"8":111,"9":422,"10":17,"11":8},"b":{},"meta":{"lastBranch":0,"lastFunction":12,"lastStatement":16,"seen":{"s:4:26:4:Infinity":0,"s:5:27:5:Infinity":1,"s:6:33:6:Infinity":2,"s:7:27:7:Infinity":3,"f:9:2:9:16":0,"f:11:2:11:12":1,"s:12:4:12:Infinity":4,"f:15:2:15:12":2,"s:16:4:16:Infinity":5,"f:19:2:19:12":3,"s:20:4:20:Infinity":6,"f:20:24:20:29":4,"s:20:38:20:65":7,"f:20:43:20:48":5,"s:20:56:20:64":8,"s:21:4:21:Infinity":9,"f:24:2:24:20":6,"s:25:4:25:Infinity":10,"f:28:2:28:21":7,"s:29:4:29:Infinity":11,"f:32:2:32:24":8,"s:33:4:33:Infinity":12,"f:33:36:33:41":9,"s:33:49:33:57":13,"f:36:2:36:22":10,"s:37:4:37:Infinity":14,"f:40:2:40:21":11,"s:41:4:41:Infinity":15},"fnNames":{}}}
,"/Users/fabriziograciosi/Facultad/2año 2do cuatrimestre /PARADIGMAS II /Mes 1/Super-Tetris/pieces/PieceDogLeft.ts": {"path":"/Users/fabriziograciosi/Facultad/2año 2do cuatrimestre /PARADIGMAS II /Mes 1/Super-Tetris/pieces/PieceDogLeft.ts","statementMap":{"0":{"start":{"line":5,"column":4},"end":{"line":5,"column":null}},"1":{"start":{"line":6,"column":4},"end":{"line":6,"column":null}},"2":{"start":{"line":7,"column":4},"end":{"line":7,"column":null}},"3":{"start":{"line":8,"column":4},"end":{"line":19,"column":null}}},"fnMap":{"0":{"name":"constructor","decl":{"start":{"line":4,"column":2},"end":{"line":4,"column":16}},"loc":{"start":{"line":4,"column":16},"end":{"line":20,"column":null}},"line":4}},"branchMap":{},"s":{"0":8,"1":8,"2":8,"3":8},"f":{"0":8},"b":{},"meta":{"lastBranch":0,"lastFunction":1,"lastStatement":4,"seen":{"f:4:2:4:16":0,"s:5:4:5:Infinity":0,"s:6:4:6:Infinity":1,"s:7:4:7:Infinity":2,"s:8:4:19:Infinity":3},"fnNames":{}}}
,"/Users/fabriziograciosi/Facultad/2año 2do cuatrimestre /PARADIGMAS II /Mes 1/Super-Tetris/pieces/PieceDogRight.ts": {"path":"/Users/fabriziograciosi/Facultad/2año 2do cuatrimestre /PARADIGMAS II /Mes 1/Super-Tetris/pieces/PieceDogRight.ts","statementMap":{"0":{"start":{"line":5,"column":4},"end":{"line":5,"column":null}},"1":{"start":{"line":6,"column":4},"end":{"line":6,"column":null}},"2":{"start":{"line":7,"column":4},"end":{"line":7,"column":null}},"3":{"start":{"line":8,"column":4},"end":{"line":19,"column":null}}},"fnMap":{"0":{"name":"constructor","decl":{"start":{"line":4,"column":2},"end":{"line":4,"column":16}},"loc":{"start":{"line":4,"column":16},"end":{"line":20,"column":null}},"line":4}},"branchMap":{},"s":{"0":8,"1":8,"2":8,"3":8},"f":{"0":8},"b":{},"meta":{"lastBranch":0,"lastFunction":1,"lastStatement":4,"seen":{"f:4:2:4:16":0,"s:5:4:5:Infinity":0,"s:6:4:6:Infinity":1,"s:7:4:7:Infinity":2,"s:8:4:19:Infinity":3},"fnNames":{}}}
,"/Users/fabriziograciosi/Facultad/2año 2do cuatrimestre /PARADIGMAS II /Mes 1/Super-Tetris/pieces/PieceLLeft.ts": {"path":"/Users/fabriziograciosi/Facultad/2año 2do cuatrimestre /PARADIGMAS II /Mes 1/Super-Tetris/pieces/PieceLLeft.ts","statementMap":{"0":{"start":{"line":5,"column":4},"end":{"line":5,"column":null}},"1":{"start":{"line":6,"column":4},"end":{"line":6,"column":null}},"2":{"start":{"line":7,"column":4},"end":{"line":7,"column":null}},"3":{"start":{"line":8,"column":4},"end":{"line":29,"column":null}}},"fnMap":{"0":{"name":"constructor","decl":{"start":{"line":4,"column":2},"end":{"line":4,"column":16}},"loc":{"start":{"line":4,"column":16},"end":{"line":30,"column":null}},"line":4}},"branchMap":{},"s":{"0":8,"1":8,"2":8,"3":8},"f":{"0":8},"b":{},"meta":{"lastBranch":0,"lastFunction":1,"lastStatement":4,"seen":{"f:4:2:4:16":0,"s:5:4:5:Infinity":0,"s:6:4:6:Infinity":1,"s:7:4:7:Infinity":2,"s:8:4:29:Infinity":3},"fnNames":{}}}
,"/Users/fabriziograciosi/Facultad/2año 2do cuatrimestre /PARADIGMAS II /Mes 1/Super-Tetris/pieces/PieceLRight.ts": {"path":"/Users/fabriziograciosi/Facultad/2año 2do cuatrimestre /PARADIGMAS II /Mes 1/Super-Tetris/pieces/PieceLRight.ts","statementMap":{"0":{"start":{"line":5,"column":4},"end":{"line":5,"column":null}},"1":{"start":{"line":6,"column":4},"end":{"line":6,"column":null}},"2":{"start":{"line":7,"column":4},"end":{"line":7,"column":null}},"3":{"start":{"line":8,"column":4},"end":{"line":29,"column":null}}},"fnMap":{"0":{"name":"constructor","decl":{"start":{"line":4,"column":2},"end":{"line":4,"column":16}},"loc":{"start":{"line":4,"column":16},"end":{"line":30,"column":null}},"line":4}},"branchMap":{},"s":{"0":8,"1":8,"2":8,"3":8},"f":{"0":8},"b":{},"meta":{"lastBranch":0,"lastFunction":1,"lastStatement":4,"seen":{"f:4:2:4:16":0,"s:5:4:5:Infinity":0,"s:6:4:6:Infinity":1,"s:7:4:7:Infinity":2,"s:8:4:29:Infinity":3},"fnNames":{}}}
,"/Users/fabriziograciosi/Facultad/2año 2do cuatrimestre /PARADIGMAS II /Mes 1/Super-Tetris/pieces/PieceSquare.ts": {"path":"/Users/fabriziograciosi/Facultad/2año 2do cuatrimestre /PARADIGMAS II /Mes 1/Super-Tetris/pieces/PieceSquare.ts","statementMap":{"0":{"start":{"line":5,"column":4},"end":{"line":5,"column":null}},"1":{"start":{"line":6,"column":4},"end":{"line":6,"column":null}},"2":{"start":{"line":7,"column":4},"end":{"line":7,"column":null}},"3":{"start":{"line":8,"column":4},"end":{"line":15,"column":null}}},"fnMap":{"0":{"name":"constructor","decl":{"start":{"line":4,"column":2},"end":{"line":4,"column":16}},"loc":{"start":{"line":4,"column":16},"end":{"line":16,"column":null}},"line":4}},"branchMap":{},"s":{"0":14,"1":14,"2":14,"3":14},"f":{"0":14},"b":{},"meta":{"lastBranch":0,"lastFunction":1,"lastStatement":4,"seen":{"f:4:2:4:16":0,"s:5:4:5:Infinity":0,"s:6:4:6:Infinity":1,"s:7:4:7:Infinity":2,"s:8:4:15:Infinity":3},"fnNames":{}}}
,"/Users/fabriziograciosi/Facultad/2año 2do cuatrimestre /PARADIGMAS II /Mes 1/Super-Tetris/pieces/PieceStick.ts": {"path":"/Users/fabriziograciosi/Facultad/2año 2do cuatrimestre /PARADIGMAS II /Mes 1/Super-Tetris/pieces/PieceStick.ts","statementMap":{"0":{"start":{"line":5,"column":4},"end":{"line":5,"column":null}},"1":{"start":{"line":6,"column":4},"end":{"line":6,"column":null}},"2":{"start":{"line":7,"column":4},"end":{"line":7,"column":null}},"3":{"start":{"line":8,"column":4},"end":{"line":21,"column":null}}},"fnMap":{"0":{"name":"constructor","decl":{"start":{"line":4,"column":2},"end":{"line":4,"column":16}},"loc":{"start":{"line":4,"column":16},"end":{"line":22,"column":null}},"line":4}},"branchMap":{},"s":{"0":8,"1":8,"2":8,"3":8},"f":{"0":8},"b":{},"meta":{"lastBranch":0,"lastFunction":1,"lastStatement":4,"seen":{"f:4:2:4:16":0,"s:5:4:5:Infinity":0,"s:6:4:6:Infinity":1,"s:7:4:7:Infinity":2,"s:8:4:21:Infinity":3},"fnNames":{}}}
,"/Users/fabriziograciosi/Facultad/2año 2do cuatrimestre /PARADIGMAS II /Mes 1/Super-Tetris/pieces/PieceT.ts": {"path":"/Users/fabriziograciosi/Facultad/2año 2do cuatrimestre /PARADIGMAS II /Mes 1/Super-Tetris/pieces/PieceT.ts","statementMap":{"0":{"start":{"line":5,"column":4},"end":{"line":5,"column":null}},"1":{"start":{"line":6,"column":4},"end":{"line":6,"column":null}},"2":{"start":{"line":7,"column":4},"end":{"line":7,"column":null}},"3":{"start":{"line":8,"column":4},"end":{"line":29,"column":null}}},"fnMap":{"0":{"name":"constructor","decl":{"start":{"line":4,"column":2},"end":{"line":4,"column":16}},"loc":{"start":{"line":4,"column":16},"end":{"line":30,"column":null}},"line":4}},"branchMap":{},"s":{"0":8,"1":8,"2":8,"3":8},"f":{"0":8},"b":{},"meta":{"lastBranch":0,"lastFunction":1,"lastStatement":4,"seen":{"f:4:2:4:16":0,"s:5:4:5:Infinity":0,"s:6:4:6:Infinity":1,"s:7:4:7:Infinity":2,"s:8:4:29:Infinity":3},"fnNames":{}}}
}
