{"/Users/fabriziograciosi/Facultad/2año 2do cuatrimestre /PARADIGMAS II /Mes 1/Super-Tetris/Board.ts": {"path":"/Users/fabriziograciosi/Facultad/2año 2do cuatrimestre /PARADIGMAS II /Mes 1/Super-Tetris/Board.ts","statementMap":{"0":{"start":{"line":5,"column":43},"end":{"line":5,"column":null}},"1":{"start":{"line":6,"column":54},"end":{"line":6,"column":null}},"2":{"start":{"line":7,"column":26},"end":{"line":7,"column":null}},"3":{"start":{"line":10,"column":4},"end":{"line":10,"column":null}},"4":{"start":{"line":10,"column":49},"end":{"line":10,"column":66}},"5":{"start":{"line":14,"column":4},"end":{"line":14,"column":null}},"6":{"start":{"line":18,"column":19},"end":{"line":18,"column":null}},"7":{"start":{"line":19,"column":19},"end":{"line":19,"column":null}},"8":{"start":{"line":20,"column":22},"end":{"line":20,"column":null}},"9":{"start":{"line":22,"column":4},"end":{"line":22,"column":null}},"10":{"start":{"line":24,"column":4},"end":{"line":24,"column":null}},"11":{"start":{"line":28,"column":18},"end":{"line":28,"column":null}},"12":{"start":{"line":29,"column":4},"end":{"line":31,"column":null}},"13":{"start":{"line":35,"column":18},"end":{"line":35,"column":null}},"14":{"start":{"line":36,"column":4},"end":{"line":38,"column":null}},"15":{"start":{"line":42,"column":18},"end":{"line":42,"column":null}},"16":{"start":{"line":43,"column":4},"end":{"line":45,"column":null}},"17":{"start":{"line":49,"column":17},"end":{"line":49,"column":null}},"18":{"start":{"line":50,"column":21},"end":{"line":50,"column":null}},"19":{"start":{"line":52,"column":4},"end":{"line":56,"column":null}},"20":{"start":{"line":53,"column":8},"end":{"line":55,"column":null}},"21":{"start":{"line":54,"column":12},"end":{"line":54,"column":null}},"22":{"start":{"line":58,"column":4},"end":{"line":58,"column":null}},"23":{"start":{"line":62,"column":23},"end":{"line":62,"column":null}},"24":{"start":{"line":64,"column":4},"end":{"line":69,"column":null}},"25":{"start":{"line":64,"column":19},"end":{"line":64,"column":41}},"26":{"start":{"line":65,"column":30},"end":{"line":65,"column":null}},"27":{"start":{"line":65,"column":59},"end":{"line":65,"column":69}},"28":{"start":{"line":66,"column":8},"end":{"line":68,"column":null}},"29":{"start":{"line":71,"column":46},"end":{"line":71,"column":null}},"30":{"start":{"line":72,"column":4},"end":{"line":72,"column":null}},"31":{"start":{"line":74,"column":4},"end":{"line":74,"column":null}},"32":{"start":{"line":78,"column":4},"end":{"line":85,"column":null}},"33":{"start":{"line":79,"column":8},"end":{"line":84,"column":null}},"34":{"start":{"line":80,"column":27},"end":{"line":80,"column":null}},"35":{"start":{"line":81,"column":27},"end":{"line":81,"column":null}},"36":{"start":{"line":82,"column":32},"end":{"line":82,"column":null}},"37":{"start":{"line":83,"column":12},"end":{"line":83,"column":null}},"38":{"start":{"line":89,"column":4},"end":{"line":89,"column":null}},"39":{"start":{"line":93,"column":4},"end":{"line":93,"column":null}},"40":{"start":{"line":97,"column":4},"end":{"line":97,"column":null}}},"fnMap":{"0":{"name":"constructor","decl":{"start":{"line":9,"column":2},"end":{"line":9,"column":16}},"loc":{"start":{"line":9,"column":16},"end":{"line":11,"column":null}},"line":9},"1":{"name":"(anonymous_1)","decl":{"start":{"line":10,"column":40},"end":{"line":10,"column":49}},"loc":{"start":{"line":10,"column":49},"end":{"line":10,"column":66}},"line":10},"2":{"name":"getGrid","decl":{"start":{"line":13,"column":2},"end":{"line":13,"column":24}},"loc":{"start":{"line":13,"column":24},"end":{"line":15,"column":null}},"line":13},"3":{"name":"spawnPiece","decl":{"start":{"line":17,"column":2},"end":{"line":17,"column":13}},"loc":{"start":{"line":17,"column":40},"end":{"line":25,"column":null}},"line":17},"4":{"name":"moveDown","decl":{"start":{"line":27,"column":2},"end":{"line":27,"column":19}},"loc":{"start":{"line":27,"column":19},"end":{"line":32,"column":null}},"line":27},"5":{"name":"moveLeft","decl":{"start":{"line":34,"column":2},"end":{"line":34,"column":19}},"loc":{"start":{"line":34,"column":19},"end":{"line":39,"column":null}},"line":34},"6":{"name":"moveRight","decl":{"start":{"line":41,"column":2},"end":{"line":41,"column":20}},"loc":{"start":{"line":41,"column":20},"end":{"line":46,"column":null}},"line":41},"7":{"name":"lockPiece","decl":{"start":{"line":48,"column":2},"end":{"line":48,"column":20}},"loc":{"start":{"line":48,"column":20},"end":{"line":59,"column":null}},"line":48},"8":{"name":"(anonymous_8)","decl":{"start":{"line":52,"column":9},"end":{"line":52,"column":18}},"loc":{"start":{"line":52,"column":34},"end":{"line":56,"column":5}},"line":52},"9":{"name":"(anonymous_9)","decl":{"start":{"line":53,"column":15},"end":{"line":53,"column":24}},"loc":{"start":{"line":53,"column":38},"end":{"line":55,"column":9}},"line":53},"10":{"name":"clearLines","decl":{"start":{"line":61,"column":2},"end":{"line":61,"column":23}},"loc":{"start":{"line":61,"column":23},"end":{"line":75,"column":null}},"line":61},"11":{"name":"(anonymous_11)","decl":{"start":{"line":65,"column":45},"end":{"line":65,"column":51}},"loc":{"start":{"line":65,"column":59},"end":{"line":65,"column":69}},"line":65},"12":{"name":"isValidPosition","decl":{"start":{"line":77,"column":2},"end":{"line":77,"column":10}},"loc":{"start":{"line":77,"column":81},"end":{"line":86,"column":null}},"line":77},"13":{"name":"(anonymous_13)","decl":{"start":{"line":78,"column":28},"end":{"line":78,"column":34}},"loc":{"start":{"line":79,"column":8},"end":{"line":84,"column":null}},"line":79},"14":{"name":"(anonymous_14)","decl":{"start":{"line":79,"column":12},"end":{"line":79,"column":18}},"loc":{"start":{"line":79,"column":30},"end":{"line":84,"column":9}},"line":79},"15":{"name":"getCurrentPiece","decl":{"start":{"line":88,"column":2},"end":{"line":88,"column":38}},"loc":{"start":{"line":88,"column":38},"end":{"line":90,"column":null}},"line":88},"16":{"name":"getCurrentPosition","decl":{"start":{"line":92,"column":2},"end":{"line":92,"column":49}},"loc":{"start":{"line":92,"column":49},"end":{"line":94,"column":null}},"line":92},"17":{"name":"getScore","decl":{"start":{"line":96,"column":2},"end":{"line":96,"column":21}},"loc":{"start":{"line":96,"column":21},"end":{"line":98,"column":null}},"line":96}},"branchMap":{"0":{"loc":{"start":{"line":22,"column":4},"end":{"line":22,"column":null}},"type":"cond-expr","locations":[{"start":{"line":22,"column":18},"end":{"line":22,"column":96}},{"start":{"line":22,"column":96},"end":{"line":22,"column":null}}],"line":22},"1":{"loc":{"start":{"line":29,"column":4},"end":{"line":31,"column":null}},"type":"cond-expr","locations":[{"start":{"line":30,"column":11},"end":{"line":30,"column":null}},{"start":{"line":31,"column":10},"end":{"line":31,"column":null}}],"line":29},"2":{"loc":{"start":{"line":29,"column":4},"end":{"line":29,"column":null}},"type":"binary-expr","locations":[{"start":{"line":29,"column":4},"end":{"line":29,"column":25}},{"start":{"line":29,"column":25},"end":{"line":29,"column":null}}],"line":29},"3":{"loc":{"start":{"line":36,"column":4},"end":{"line":38,"column":null}},"type":"cond-expr","locations":[{"start":{"line":37,"column":11},"end":{"line":37,"column":null}},{"start":{"line":38,"column":10},"end":{"line":38,"column":null}}],"line":36},"4":{"loc":{"start":{"line":36,"column":4},"end":{"line":36,"column":null}},"type":"binary-expr","locations":[{"start":{"line":36,"column":4},"end":{"line":36,"column":25}},{"start":{"line":36,"column":25},"end":{"line":36,"column":null}}],"line":36},"5":{"loc":{"start":{"line":43,"column":4},"end":{"line":45,"column":null}},"type":"cond-expr","locations":[{"start":{"line":44,"column":11},"end":{"line":44,"column":null}},{"start":{"line":45,"column":10},"end":{"line":45,"column":null}}],"line":43},"6":{"loc":{"start":{"line":43,"column":4},"end":{"line":43,"column":null}},"type":"binary-expr","locations":[{"start":{"line":43,"column":4},"end":{"line":43,"column":25}},{"start":{"line":43,"column":25},"end":{"line":43,"column":null}}],"line":43},"7":{"loc":{"start":{"line":49,"column":17},"end":{"line":49,"column":null}},"type":"binary-expr","locations":[{"start":{"line":49,"column":17},"end":{"line":49,"column":49}},{"start":{"line":49,"column":49},"end":{"line":49,"column":null}}],"line":49},"8":{"loc":{"start":{"line":54,"column":12},"end":{"line":54,"column":null}},"type":"cond-expr","locations":[{"start":{"line":54,"column":26},"end":{"line":54,"column":64}},{"start":{"line":54,"column":64},"end":{"line":54,"column":null}}],"line":54},"9":{"loc":{"start":{"line":66,"column":8},"end":{"line":68,"column":null}},"type":"cond-expr","locations":[{"start":{"line":67,"column":15},"end":{"line":67,"column":null}},{"start":{"line":68,"column":14},"end":{"line":68,"column":null}}],"line":66},"10":{"loc":{"start":{"line":72,"column":18},"end":{"line":72,"column":null}},"type":"cond-expr","locations":[{"start":{"line":72,"column":38},"end":{"line":72,"column":45}},{"start":{"line":72,"column":45},"end":{"line":72,"column":null}}],"line":72},"11":{"loc":{"start":{"line":72,"column":45},"end":{"line":72,"column":null}},"type":"binary-expr","locations":[{"start":{"line":72,"column":45},"end":{"line":72,"column":72}},{"start":{"line":72,"column":72},"end":{"line":72,"column":null}}],"line":72},"12":{"loc":{"start":{"line":82,"column":32},"end":{"line":82,"column":null}},"type":"binary-expr","locations":[{"start":{"line":82,"column":32},"end":{"line":82,"column":46}},{"start":{"line":82,"column":46},"end":{"line":82,"column":62}},{"start":{"line":82,"column":62},"end":{"line":82,"column":76}},{"start":{"line":82,"column":76},"end":{"line":82,"column":null}}],"line":82},"13":{"loc":{"start":{"line":83,"column":19},"end":{"line":83,"column":null}},"type":"binary-expr","locations":[{"start":{"line":83,"column":19},"end":{"line":83,"column":34}},{"start":{"line":83,"column":34},"end":{"line":83,"column":49}},{"start":{"line":83,"column":49},"end":{"line":83,"column":null}}],"line":83}},"s":{"0":15,"1":15,"2":15,"3":15,"4":300,"5":7,"6":11,"7":11,"8":11,"9":11,"10":11,"11":47,"12":47,"13":10,"14":10,"15":20,"16":20,"17":1,"18":1,"19":1,"20":4,"21":16,"22":1,"23":4,"24":4,"25":4,"26":87,"27":150,"28":87,"29":87,"30":87,"31":4,"32":88,"33":268,"34":979,"35":979,"36":979,"37":979,"38":9,"39":7,"40":1},"f":{"0":15,"1":300,"2":7,"3":11,"4":47,"5":10,"6":20,"7":1,"8":4,"9":16,"10":4,"11":150,"12":88,"13":268,"14":979,"15":9,"16":7,"17":1},"b":{"0":[10,1],"1":[38,9],"2":[47,47],"3":[3,7],"4":[10,10],"5":[8,12],"6":[20,20],"7":[1,0],"8":[4,12],"9":[7,80],"10":[0,4],"11":[4,0],"12":[979,972,948,948],"13":[979,295,267]},"meta":{"lastBranch":14,"lastFunction":18,"lastStatement":41,"seen":{"s:5:43:5:Infinity":0,"s:6:54:6:Infinity":1,"s:7:26:7:Infinity":2,"f:9:2:9:16":0,"s:10:4:10:Infinity":3,"f:10:40:10:49":1,"s:10:49:10:66":4,"f:13:2:13:24":2,"s:14:4:14:Infinity":5,"f:17:2:17:13":3,"s:18:19:18:Infinity":6,"s:19:19:19:Infinity":7,"s:20:22:20:Infinity":8,"s:22:4:22:Infinity":9,"b:22:18:22:96:22:96:22:Infinity":0,"s:24:4:24:Infinity":10,"f:27:2:27:19":4,"s:28:18:28:Infinity":11,"s:29:4:31:Infinity":12,"b:30:11:30:Infinity:31:10:31:Infinity":1,"b:29:4:29:25:29:25:29:Infinity":2,"f:34:2:34:19":5,"s:35:18:35:Infinity":13,"s:36:4:38:Infinity":14,"b:37:11:37:Infinity:38:10:38:Infinity":3,"b:36:4:36:25:36:25:36:Infinity":4,"f:41:2:41:20":6,"s:42:18:42:Infinity":15,"s:43:4:45:Infinity":16,"b:44:11:44:Infinity:45:10:45:Infinity":5,"b:43:4:43:25:43:25:43:Infinity":6,"f:48:2:48:20":7,"s:49:17:49:Infinity":17,"b:49:17:49:49:49:49:49:Infinity":7,"s:50:21:50:Infinity":18,"s:52:4:56:Infinity":19,"f:52:9:52:18":8,"s:53:8:55:Infinity":20,"f:53:15:53:24":9,"s:54:12:54:Infinity":21,"b:54:26:54:64:54:64:54:Infinity":8,"s:58:4:58:Infinity":22,"f:61:2:61:23":10,"s:62:23:62:Infinity":23,"s:64:4:69:Infinity":24,"s:64:19:64:41":25,"s:65:30:65:Infinity":26,"f:65:45:65:51":11,"s:65:59:65:69":27,"s:66:8:68:Infinity":28,"b:67:15:67:Infinity:68:14:68:Infinity":9,"s:71:46:71:Infinity":29,"s:72:4:72:Infinity":30,"b:72:38:72:45:72:45:72:Infinity":10,"b:72:45:72:72:72:72:72:Infinity":11,"s:74:4:74:Infinity":31,"f:77:2:77:10":12,"s:78:4:85:Infinity":32,"f:78:28:78:34":13,"s:79:8:84:Infinity":33,"f:79:12:79:18":14,"s:80:27:80:Infinity":34,"s:81:27:81:Infinity":35,"s:82:32:82:Infinity":36,"b:82:32:82:46:82:46:82:62:82:62:82:76:82:76:82:Infinity":12,"s:83:12:83:Infinity":37,"b:83:19:83:34:83:34:83:49:83:49:83:Infinity":13,"f:88:2:88:38":15,"s:89:4:89:Infinity":38,"f:92:2:92:49":16,"s:93:4:93:Infinity":39,"f:96:2:96:21":17,"s:97:4:97:Infinity":40},"fnNames":{}}}
,"/Users/fabriziograciosi/Facultad/2año 2do cuatrimestre /PARADIGMAS II /Mes 1/Super-Tetris/Clock.ts": {"path":"/Users/fabriziograciosi/Facultad/2año 2do cuatrimestre /PARADIGMAS II /Mes 1/Super-Tetris/Clock.ts","statementMap":{"0":{"start":{"line":5,"column":32},"end":{"line":5,"column":null}},"1":{"start":{"line":8,"column":4},"end":{"line":8,"column":null}},"2":{"start":{"line":9,"column":4},"end":{"line":9,"column":null}},"3":{"start":{"line":10,"column":4},"end":{"line":10,"column":null}},"4":{"start":{"line":14,"column":4},"end":{"line":19,"column":null}},"5":{"start":{"line":17,"column":12},"end":{"line":17,"column":null}},"6":{"start":{"line":18,"column":12},"end":{"line":18,"column":null}},"7":{"start":{"line":23,"column":4},"end":{"line":25,"column":null}},"8":{"start":{"line":29,"column":4},"end":{"line":29,"column":null}},"9":{"start":{"line":30,"column":4},"end":{"line":30,"column":null}},"10":{"start":{"line":34,"column":4},"end":{"line":34,"column":null}}},"fnMap":{"0":{"name":"constructor","decl":{"start":{"line":7,"column":2},"end":{"line":7,"column":14}},"loc":{"start":{"line":7,"column":52},"end":{"line":11,"column":null}},"line":7},"1":{"name":"start","decl":{"start":{"line":13,"column":2},"end":{"line":13,"column":9}},"loc":{"start":{"line":13,"column":23},"end":{"line":20,"column":null}},"line":13},"2":{"name":"(anonymous_2)","decl":{"start":{"line":16,"column":30},"end":{"line":16,"column":48}},"loc":{"start":{"line":16,"column":48},"end":{"line":19,"column":13}},"line":16},"3":{"name":"stop","decl":{"start":{"line":22,"column":2},"end":{"line":22,"column":9}},"loc":{"start":{"line":22,"column":22},"end":{"line":26,"column":null}},"line":22},"4":{"name":"setSpeed","decl":{"start":{"line":28,"column":2},"end":{"line":28,"column":9}},"loc":{"start":{"line":28,"column":45},"end":{"line":31,"column":null}},"line":28},"5":{"name":"getTicks","decl":{"start":{"line":33,"column":2},"end":{"line":33,"column":9}},"loc":{"start":{"line":33,"column":28},"end":{"line":35,"column":null}},"line":33}},"branchMap":{"0":{"loc":{"start":{"line":14,"column":4},"end":{"line":19,"column":null}},"type":"cond-expr","locations":[{"start":{"line":15,"column":10},"end":{"line":15,"column":null}},{"start":{"line":16,"column":11},"end":{"line":19,"column":null}}],"line":14},"1":{"loc":{"start":{"line":23,"column":4},"end":{"line":25,"column":null}},"type":"cond-expr","locations":[{"start":{"line":24,"column":11},"end":{"line":24,"column":null}},{"start":{"line":25,"column":10},"end":{"line":25,"column":null}}],"line":23},"2":{"loc":{"start":{"line":30,"column":4},"end":{"line":30,"column":null}},"type":"cond-expr","locations":[{"start":{"line":30,"column":33},"end":{"line":30,"column":62}},{"start":{"line":30,"column":62},"end":{"line":30,"column":null}}],"line":30}},"s":{"0":9,"1":9,"2":9,"3":9,"4":10,"5":6,"6":6,"7":3,"8":1,"9":1,"10":2},"f":{"0":9,"1":10,"2":6,"3":3,"4":1,"5":2},"b":{"0":[0,10],"1":[3,0],"2":[1,0]},"meta":{"lastBranch":3,"lastFunction":6,"lastStatement":11,"seen":{"s:5:32:5:Infinity":0,"f:7:2:7:14":0,"s:8:4:8:Infinity":1,"s:9:4:9:Infinity":2,"s:10:4:10:Infinity":3,"f:13:2:13:9":1,"s:14:4:19:Infinity":4,"b:15:10:15:Infinity:16:11:19:Infinity":0,"f:16:30:16:48":2,"s:17:12:17:Infinity":5,"s:18:12:18:Infinity":6,"f:22:2:22:9":3,"s:23:4:25:Infinity":7,"b:24:11:24:Infinity:25:10:25:Infinity":1,"f:28:2:28:9":4,"s:29:4:29:Infinity":8,"s:30:4:30:Infinity":9,"b:30:33:30:62:30:62:30:Infinity":2,"f:33:2:33:9":5,"s:34:4:34:Infinity":10},"fnNames":{}}}
,"/Users/fabriziograciosi/Facultad/2año 2do cuatrimestre /PARADIGMAS II /Mes 1/Super-Tetris/Tetris.ts": {"path":"/Users/fabriziograciosi/Facultad/2año 2do cuatrimestre /PARADIGMAS II /Mes 1/Super-Tetris/Tetris.ts","statementMap":{"0":{"start":{"line":14,"column":31},"end":{"line":14,"column":null}},"1":{"start":{"line":16,"column":38},"end":{"line":16,"column":null}},"2":{"start":{"line":20,"column":4},"end":{"line":20,"column":null}},"3":{"start":{"line":21,"column":4},"end":{"line":21,"column":null}},"4":{"start":{"line":22,"column":4},"end":{"line":22,"column":null}},"5":{"start":{"line":22,"column":39},"end":{"line":22,"column":50}},"6":{"start":{"line":26,"column":19},"end":{"line":29,"column":null}},"7":{"start":{"line":30,"column":24},"end":{"line":30,"column":null}},"8":{"start":{"line":31,"column":28},"end":{"line":31,"column":null}},"9":{"start":{"line":32,"column":4},"end":{"line":34,"column":null}},"10":{"start":{"line":32,"column":17},"end":{"line":32,"column":20}},"11":{"start":{"line":33,"column":6},"end":{"line":33,"column":null}},"12":{"start":{"line":35,"column":4},"end":{"line":35,"column":null}},"13":{"start":{"line":39,"column":4},"end":{"line":39,"column":null}},"14":{"start":{"line":40,"column":4},"end":{"line":40,"column":null}},"15":{"start":{"line":41,"column":25},"end":{"line":41,"column":null}},"16":{"start":{"line":42,"column":4},"end":{"line":42,"column":null}},"17":{"start":{"line":43,"column":4},"end":{"line":43,"column":null}},"18":{"start":{"line":47,"column":4},"end":{"line":47,"column":null}},"19":{"start":{"line":51,"column":18},"end":{"line":51,"column":null}},"20":{"start":{"line":52,"column":4},"end":{"line":52,"column":null}},"21":{"start":{"line":56,"column":18},"end":{"line":56,"column":null}},"22":{"start":{"line":57,"column":4},"end":{"line":57,"column":null}},"23":{"start":{"line":61,"column":4},"end":{"line":61,"column":null}},"24":{"start":{"line":65,"column":4},"end":{"line":65,"column":null}},"25":{"start":{"line":69,"column":4},"end":{"line":69,"column":null}},"26":{"start":{"line":70,"column":20},"end":{"line":70,"column":null}},"27":{"start":{"line":71,"column":4},"end":{"line":71,"column":null}},"28":{"start":{"line":72,"column":4},"end":{"line":72,"column":null}}},"fnMap":{"0":{"name":"constructor","decl":{"start":{"line":19,"column":2},"end":{"line":19,"column":14}},"loc":{"start":{"line":19,"column":38},"end":{"line":23,"column":null}},"line":19},"1":{"name":"(anonymous_1)","decl":{"start":{"line":22,"column":27},"end":{"line":22,"column":39}},"loc":{"start":{"line":22,"column":39},"end":{"line":22,"column":50}},"line":22},"2":{"name":"getRandomPiece","decl":{"start":{"line":25,"column":2},"end":{"line":25,"column":10}},"loc":{"start":{"line":25,"column":38},"end":{"line":36,"column":null}},"line":25},"3":{"name":"start","decl":{"start":{"line":38,"column":2},"end":{"line":38,"column":16}},"loc":{"start":{"line":38,"column":16},"end":{"line":44,"column":null}},"line":38},"4":{"name":"tick","decl":{"start":{"line":46,"column":2},"end":{"line":46,"column":15}},"loc":{"start":{"line":46,"column":15},"end":{"line":48,"column":null}},"line":46},"5":{"name":"rotateLeft","decl":{"start":{"line":50,"column":2},"end":{"line":50,"column":21}},"loc":{"start":{"line":50,"column":21},"end":{"line":53,"column":null}},"line":50},"6":{"name":"rotateRight","decl":{"start":{"line":55,"column":2},"end":{"line":55,"column":22}},"loc":{"start":{"line":55,"column":22},"end":{"line":58,"column":null}},"line":55},"7":{"name":"state","decl":{"start":{"line":60,"column":2},"end":{"line":60,"column":19}},"loc":{"start":{"line":60,"column":19},"end":{"line":62,"column":null}},"line":60},"8":{"name":"getBoard","decl":{"start":{"line":64,"column":2},"end":{"line":64,"column":20}},"loc":{"start":{"line":64,"column":20},"end":{"line":66,"column":null}},"line":64},"9":{"name":"checkWinCondition","decl":{"start":{"line":68,"column":2},"end":{"line":68,"column":20}},"loc":{"start":{"line":68,"column":56},"end":{"line":73,"column":null}},"line":68}},"branchMap":{"0":{"loc":{"start":{"line":19,"column":14},"end":{"line":19,"column":38}},"type":"default-arg","locations":[{"start":{"line":19,"column":35},"end":{"line":19,"column":38}}],"line":19},"1":{"loc":{"start":{"line":47,"column":4},"end":{"line":47,"column":null}},"type":"cond-expr","locations":[{"start":{"line":47,"column":21},"end":{"line":47,"column":45}},{"start":{"line":47,"column":45},"end":{"line":47,"column":null}}],"line":47},"2":{"loc":{"start":{"line":52,"column":4},"end":{"line":52,"column":null}},"type":"cond-expr","locations":[{"start":{"line":52,"column":12},"end":{"line":52,"column":33}},{"start":{"line":52,"column":33},"end":{"line":52,"column":null}}],"line":52},"3":{"loc":{"start":{"line":57,"column":4},"end":{"line":57,"column":null}},"type":"cond-expr","locations":[{"start":{"line":57,"column":12},"end":{"line":57,"column":34}},{"start":{"line":57,"column":34},"end":{"line":57,"column":null}}],"line":57},"4":{"loc":{"start":{"line":71,"column":21},"end":{"line":71,"column":null}},"type":"cond-expr","locations":[{"start":{"line":71,"column":31},"end":{"line":71,"column":39}},{"start":{"line":71,"column":39},"end":{"line":71,"column":null}}],"line":71},"5":{"loc":{"start":{"line":72,"column":4},"end":{"line":72,"column":null}},"type":"cond-expr","locations":[{"start":{"line":72,"column":14},"end":{"line":72,"column":34}},{"start":{"line":72,"column":34},"end":{"line":72,"column":null}}],"line":72}},"s":{"0":5,"1":5,"2":5,"3":5,"4":5,"5":0,"6":5,"7":5,"8":5,"9":5,"10":5,"11":6,"12":5,"13":5,"14":5,"15":5,"16":5,"17":5,"18":1,"19":2,"20":2,"21":2,"22":2,"23":2,"24":5,"25":1,"26":1,"27":1,"28":1},"f":{"0":5,"1":0,"2":5,"3":5,"4":1,"5":2,"6":2,"7":2,"8":5,"9":1},"b":{"0":[5],"1":[1,0],"2":[1,1],"3":[1,1],"4":[1,0],"5":[1,0]},"meta":{"lastBranch":6,"lastFunction":10,"lastStatement":29,"seen":{"s:14:31:14:Infinity":0,"s:16:38:16:Infinity":1,"f:19:2:19:14":0,"b:19:35:19:38":0,"s:20:4:20:Infinity":2,"s:21:4:21:Infinity":3,"s:22:4:22:Infinity":4,"f:22:27:22:39":1,"s:22:39:22:50":5,"f:25:2:25:10":2,"s:26:19:29:Infinity":6,"s:30:24:30:Infinity":7,"s:31:28:31:Infinity":8,"s:32:4:34:Infinity":9,"s:32:17:32:20":10,"s:33:6:33:Infinity":11,"s:35:4:35:Infinity":12,"f:38:2:38:16":3,"s:39:4:39:Infinity":13,"s:40:4:40:Infinity":14,"s:41:25:41:Infinity":15,"s:42:4:42:Infinity":16,"s:43:4:43:Infinity":17,"f:46:2:46:15":4,"s:47:4:47:Infinity":18,"b:47:21:47:45:47:45:47:Infinity":1,"f:50:2:50:21":5,"s:51:18:51:Infinity":19,"s:52:4:52:Infinity":20,"b:52:12:52:33:52:33:52:Infinity":2,"f:55:2:55:22":6,"s:56:18:56:Infinity":21,"s:57:4:57:Infinity":22,"b:57:12:57:34:57:34:57:Infinity":3,"f:60:2:60:19":7,"s:61:4:61:Infinity":23,"f:64:2:64:20":8,"s:65:4:65:Infinity":24,"f:68:2:68:20":9,"s:69:4:69:Infinity":25,"s:70:20:70:Infinity":26,"s:71:4:71:Infinity":27,"b:71:31:71:39:71:39:71:Infinity":4,"s:72:4:72:Infinity":28,"b:72:14:72:34:72:34:72:Infinity":5},"fnNames":{}}}
,"/Users/fabriziograciosi/Facultad/2año 2do cuatrimestre /PARADIGMAS II /Mes 1/Super-Tetris/pieces/PieceBase.ts": {"path":"/Users/fabriziograciosi/Facultad/2año 2do cuatrimestre /PARADIGMAS II /Mes 1/Super-Tetris/pieces/PieceBase.ts","statementMap":{"0":{"start":{"line":4,"column":26},"end":{"line":4,"column":null}},"1":{"start":{"line":5,"column":27},"end":{"line":5,"column":null}},"2":{"start":{"line":6,"column":33},"end":{"line":6,"column":null}},"3":{"start":{"line":7,"column":27},"end":{"line":7,"column":null}},"4":{"start":{"line":12,"column":4},"end":{"line":12,"column":null}},"5":{"start":{"line":16,"column":4},"end":{"line":16,"column":null}},"6":{"start":{"line":20,"column":4},"end":{"line":20,"column":null}},"7":{"start":{"line":20,"column":38},"end":{"line":20,"column":65}},"8":{"start":{"line":20,"column":56},"end":{"line":20,"column":64}},"9":{"start":{"line":21,"column":4},"end":{"line":21,"column":null}},"10":{"start":{"line":25,"column":4},"end":{"line":25,"column":null}},"11":{"start":{"line":29,"column":4},"end":{"line":29,"column":null}},"12":{"start":{"line":33,"column":4},"end":{"line":33,"column":null}},"13":{"start":{"line":33,"column":49},"end":{"line":33,"column":57}},"14":{"start":{"line":37,"column":4},"end":{"line":37,"column":null}},"15":{"start":{"line":41,"column":4},"end":{"line":41,"column":null}}},"fnMap":{"0":{"name":"constructor","decl":{"start":{"line":9,"column":2},"end":{"line":9,"column":16}},"loc":{"start":{"line":9,"column":16},"end":{"line":9,"column":null}},"line":9},"1":{"name":"setName","decl":{"start":{"line":11,"column":2},"end":{"line":11,"column":12}},"loc":{"start":{"line":11,"column":35},"end":{"line":13,"column":null}},"line":11},"2":{"name":"setColor","decl":{"start":{"line":15,"column":2},"end":{"line":15,"column":12}},"loc":{"start":{"line":15,"column":36},"end":{"line":17,"column":null}},"line":15},"3":{"name":"setForm","decl":{"start":{"line":19,"column":2},"end":{"line":19,"column":12}},"loc":{"start":{"line":19,"column":41},"end":{"line":22,"column":null}},"line":19},"4":{"name":"(anonymous_4)","decl":{"start":{"line":20,"column":24},"end":{"line":20,"column":29}},"loc":{"start":{"line":20,"column":38},"end":{"line":20,"column":65}},"line":20},"5":{"name":"(anonymous_5)","decl":{"start":{"line":20,"column":43},"end":{"line":20,"column":48}},"loc":{"start":{"line":20,"column":56},"end":{"line":20,"column":64}},"line":20},"6":{"name":"getName","decl":{"start":{"line":24,"column":2},"end":{"line":24,"column":20}},"loc":{"start":{"line":24,"column":20},"end":{"line":26,"column":null}},"line":24},"7":{"name":"getColor","decl":{"start":{"line":28,"column":2},"end":{"line":28,"column":21}},"loc":{"start":{"line":28,"column":21},"end":{"line":30,"column":null}},"line":28},"8":{"name":"getForm","decl":{"start":{"line":32,"column":2},"end":{"line":32,"column":24}},"loc":{"start":{"line":32,"column":24},"end":{"line":34,"column":null}},"line":32},"9":{"name":"(anonymous_9)","decl":{"start":{"line":33,"column":36},"end":{"line":33,"column":41}},"loc":{"start":{"line":33,"column":49},"end":{"line":33,"column":57}},"line":33},"10":{"name":"rotateRight","decl":{"start":{"line":36,"column":2},"end":{"line":36,"column":22}},"loc":{"start":{"line":36,"column":22},"end":{"line":38,"column":null}},"line":36},"11":{"name":"rotateLeft","decl":{"start":{"line":40,"column":2},"end":{"line":40,"column":21}},"loc":{"start":{"line":40,"column":21},"end":{"line":42,"column":null}},"line":40}},"branchMap":{},"s":{"0":62,"1":62,"2":62,"3":62,"4":62,"5":62,"6":62,"7":158,"8":504,"9":62,"10":7,"11":7,"12":111,"13":422,"14":14,"15":8},"f":{"0":62,"1":62,"2":62,"3":62,"4":158,"5":504,"6":7,"7":7,"8":111,"9":422,"10":14,"11":8},"b":{},"meta":{"lastBranch":0,"lastFunction":12,"lastStatement":16,"seen":{"s:4:26:4:Infinity":0,"s:5:27:5:Infinity":1,"s:6:33:6:Infinity":2,"s:7:27:7:Infinity":3,"f:9:2:9:16":0,"f:11:2:11:12":1,"s:12:4:12:Infinity":4,"f:15:2:15:12":2,"s:16:4:16:Infinity":5,"f:19:2:19:12":3,"s:20:4:20:Infinity":6,"f:20:24:20:29":4,"s:20:38:20:65":7,"f:20:43:20:48":5,"s:20:56:20:64":8,"s:21:4:21:Infinity":9,"f:24:2:24:20":6,"s:25:4:25:Infinity":10,"f:28:2:28:21":7,"s:29:4:29:Infinity":11,"f:32:2:32:24":8,"s:33:4:33:Infinity":12,"f:33:36:33:41":9,"s:33:49:33:57":13,"f:36:2:36:22":10,"s:37:4:37:Infinity":14,"f:40:2:40:21":11,"s:41:4:41:Infinity":15},"fnNames":{}}}
,"/Users/fabriziograciosi/Facultad/2año 2do cuatrimestre /PARADIGMAS II /Mes 1/Super-Tetris/pieces/PieceDogLeft.ts": {"path":"/Users/fabriziograciosi/Facultad/2año 2do cuatrimestre /PARADIGMAS II /Mes 1/Super-Tetris/pieces/PieceDogLeft.ts","statementMap":{"0":{"start":{"line":5,"column":4},"end":{"line":5,"column":null}},"1":{"start":{"line":6,"column":4},"end":{"line":6,"column":null}},"2":{"start":{"line":7,"column":4},"end":{"line":7,"column":null}},"3":{"start":{"line":8,"column":4},"end":{"line":19,"column":null}}},"fnMap":{"0":{"name":"constructor","decl":{"start":{"line":4,"column":2},"end":{"line":4,"column":16}},"loc":{"start":{"line":4,"column":16},"end":{"line":20,"column":null}},"line":4}},"branchMap":{},"s":{"0":8,"1":8,"2":8,"3":8},"f":{"0":8},"b":{},"meta":{"lastBranch":0,"lastFunction":1,"lastStatement":4,"seen":{"f:4:2:4:16":0,"s:5:4:5:Infinity":0,"s:6:4:6:Infinity":1,"s:7:4:7:Infinity":2,"s:8:4:19:Infinity":3},"fnNames":{}}}
,"/Users/fabriziograciosi/Facultad/2año 2do cuatrimestre /PARADIGMAS II /Mes 1/Super-Tetris/pieces/PieceDogRight.ts": {"path":"/Users/fabriziograciosi/Facultad/2año 2do cuatrimestre /PARADIGMAS II /Mes 1/Super-Tetris/pieces/PieceDogRight.ts","statementMap":{"0":{"start":{"line":5,"column":4},"end":{"line":5,"column":null}},"1":{"start":{"line":6,"column":4},"end":{"line":6,"column":null}},"2":{"start":{"line":7,"column":4},"end":{"line":7,"column":null}},"3":{"start":{"line":8,"column":4},"end":{"line":19,"column":null}}},"fnMap":{"0":{"name":"constructor","decl":{"start":{"line":4,"column":2},"end":{"line":4,"column":16}},"loc":{"start":{"line":4,"column":16},"end":{"line":20,"column":null}},"line":4}},"branchMap":{},"s":{"0":8,"1":8,"2":8,"3":8},"f":{"0":8},"b":{},"meta":{"lastBranch":0,"lastFunction":1,"lastStatement":4,"seen":{"f:4:2:4:16":0,"s:5:4:5:Infinity":0,"s:6:4:6:Infinity":1,"s:7:4:7:Infinity":2,"s:8:4:19:Infinity":3},"fnNames":{}}}
,"/Users/fabriziograciosi/Facultad/2año 2do cuatrimestre /PARADIGMAS II /Mes 1/Super-Tetris/pieces/PieceLLeft.ts": {"path":"/Users/fabriziograciosi/Facultad/2año 2do cuatrimestre /PARADIGMAS II /Mes 1/Super-Tetris/pieces/PieceLLeft.ts","statementMap":{"0":{"start":{"line":5,"column":4},"end":{"line":5,"column":null}},"1":{"start":{"line":6,"column":4},"end":{"line":6,"column":null}},"2":{"start":{"line":7,"column":4},"end":{"line":7,"column":null}},"3":{"start":{"line":8,"column":4},"end":{"line":29,"column":null}}},"fnMap":{"0":{"name":"constructor","decl":{"start":{"line":4,"column":2},"end":{"line":4,"column":16}},"loc":{"start":{"line":4,"column":16},"end":{"line":30,"column":null}},"line":4}},"branchMap":{},"s":{"0":8,"1":8,"2":8,"3":8},"f":{"0":8},"b":{},"meta":{"lastBranch":0,"lastFunction":1,"lastStatement":4,"seen":{"f:4:2:4:16":0,"s:5:4:5:Infinity":0,"s:6:4:6:Infinity":1,"s:7:4:7:Infinity":2,"s:8:4:29:Infinity":3},"fnNames":{}}}
,"/Users/fabriziograciosi/Facultad/2año 2do cuatrimestre /PARADIGMAS II /Mes 1/Super-Tetris/pieces/PieceLRight.ts": {"path":"/Users/fabriziograciosi/Facultad/2año 2do cuatrimestre /PARADIGMAS II /Mes 1/Super-Tetris/pieces/PieceLRight.ts","statementMap":{"0":{"start":{"line":5,"column":4},"end":{"line":5,"column":null}},"1":{"start":{"line":6,"column":4},"end":{"line":6,"column":null}},"2":{"start":{"line":7,"column":4},"end":{"line":7,"column":null}},"3":{"start":{"line":8,"column":4},"end":{"line":29,"column":null}}},"fnMap":{"0":{"name":"constructor","decl":{"start":{"line":4,"column":2},"end":{"line":4,"column":16}},"loc":{"start":{"line":4,"column":16},"end":{"line":30,"column":null}},"line":4}},"branchMap":{},"s":{"0":8,"1":8,"2":8,"3":8},"f":{"0":8},"b":{},"meta":{"lastBranch":0,"lastFunction":1,"lastStatement":4,"seen":{"f:4:2:4:16":0,"s:5:4:5:Infinity":0,"s:6:4:6:Infinity":1,"s:7:4:7:Infinity":2,"s:8:4:29:Infinity":3},"fnNames":{}}}
,"/Users/fabriziograciosi/Facultad/2año 2do cuatrimestre /PARADIGMAS II /Mes 1/Super-Tetris/pieces/PieceSquare.ts": {"path":"/Users/fabriziograciosi/Facultad/2año 2do cuatrimestre /PARADIGMAS II /Mes 1/Super-Tetris/pieces/PieceSquare.ts","statementMap":{"0":{"start":{"line":5,"column":4},"end":{"line":5,"column":null}},"1":{"start":{"line":6,"column":4},"end":{"line":6,"column":null}},"2":{"start":{"line":7,"column":4},"end":{"line":7,"column":null}},"3":{"start":{"line":8,"column":4},"end":{"line":15,"column":null}}},"fnMap":{"0":{"name":"constructor","decl":{"start":{"line":4,"column":2},"end":{"line":4,"column":16}},"loc":{"start":{"line":4,"column":16},"end":{"line":16,"column":null}},"line":4}},"branchMap":{},"s":{"0":14,"1":14,"2":14,"3":14},"f":{"0":14},"b":{},"meta":{"lastBranch":0,"lastFunction":1,"lastStatement":4,"seen":{"f:4:2:4:16":0,"s:5:4:5:Infinity":0,"s:6:4:6:Infinity":1,"s:7:4:7:Infinity":2,"s:8:4:15:Infinity":3},"fnNames":{}}}
,"/Users/fabriziograciosi/Facultad/2año 2do cuatrimestre /PARADIGMAS II /Mes 1/Super-Tetris/pieces/PieceStick.ts": {"path":"/Users/fabriziograciosi/Facultad/2año 2do cuatrimestre /PARADIGMAS II /Mes 1/Super-Tetris/pieces/PieceStick.ts","statementMap":{"0":{"start":{"line":5,"column":4},"end":{"line":5,"column":null}},"1":{"start":{"line":6,"column":4},"end":{"line":6,"column":null}},"2":{"start":{"line":7,"column":4},"end":{"line":7,"column":null}},"3":{"start":{"line":8,"column":4},"end":{"line":21,"column":null}}},"fnMap":{"0":{"name":"constructor","decl":{"start":{"line":4,"column":2},"end":{"line":4,"column":16}},"loc":{"start":{"line":4,"column":16},"end":{"line":22,"column":null}},"line":4}},"branchMap":{},"s":{"0":8,"1":8,"2":8,"3":8},"f":{"0":8},"b":{},"meta":{"lastBranch":0,"lastFunction":1,"lastStatement":4,"seen":{"f:4:2:4:16":0,"s:5:4:5:Infinity":0,"s:6:4:6:Infinity":1,"s:7:4:7:Infinity":2,"s:8:4:21:Infinity":3},"fnNames":{}}}
,"/Users/fabriziograciosi/Facultad/2año 2do cuatrimestre /PARADIGMAS II /Mes 1/Super-Tetris/pieces/PieceT.ts": {"path":"/Users/fabriziograciosi/Facultad/2año 2do cuatrimestre /PARADIGMAS II /Mes 1/Super-Tetris/pieces/PieceT.ts","statementMap":{"0":{"start":{"line":5,"column":4},"end":{"line":5,"column":null}},"1":{"start":{"line":6,"column":4},"end":{"line":6,"column":null}},"2":{"start":{"line":7,"column":4},"end":{"line":7,"column":null}},"3":{"start":{"line":8,"column":4},"end":{"line":29,"column":null}}},"fnMap":{"0":{"name":"constructor","decl":{"start":{"line":4,"column":2},"end":{"line":4,"column":16}},"loc":{"start":{"line":4,"column":16},"end":{"line":30,"column":null}},"line":4}},"branchMap":{},"s":{"0":8,"1":8,"2":8,"3":8},"f":{"0":8},"b":{},"meta":{"lastBranch":0,"lastFunction":1,"lastStatement":4,"seen":{"f:4:2:4:16":0,"s:5:4:5:Infinity":0,"s:6:4:6:Infinity":1,"s:7:4:7:Infinity":2,"s:8:4:29:Infinity":3},"fnNames":{}}}
}
